<?xml version="1.0" encoding="UTF-8"?>
<coverage generated="1683652453938" clover="3.2.0">
  <project timestamp="1683652453938" name="All files">
    <metrics statements="379" coveredstatements="337" conditionals="43" coveredconditionals="29" methods="71" coveredmethods="61" elements="493" coveredelements="427" complexity="0" loc="379" ncloc="379" packages="17" files="47" classes="47"/>
    <package name="src">
      <metrics statements="22" coveredstatements="16" conditionals="2" coveredconditionals="0" methods="5" coveredmethods="2"/>
      <file name="app.ts" path="C:\Users\marmo\Desktop\driven\Modulo5\projeto-drivenpass\src\app.ts">
        <metrics statements="17" coveredstatements="16" conditionals="0" coveredconditionals="0" methods="3" coveredmethods="2"/>
        <line num="1" count="7" type="stmt"/>
        <line num="2" count="7" type="stmt"/>
        <line num="3" count="7" type="stmt"/>
        <line num="4" count="7" type="stmt"/>
        <line num="6" count="7" type="stmt"/>
        <line num="8" count="7" type="stmt"/>
        <line num="10" count="7" type="stmt"/>
        <line num="12" count="7" type="stmt"/>
        <line num="20" count="7" type="stmt"/>
        <line num="21" count="7" type="stmt"/>
        <line num="24" count="1" type="stmt"/>
        <line num="31" count="7" type="stmt"/>
        <line num="32" count="7" type="stmt"/>
        <line num="33" count="7" type="stmt"/>
        <line num="36" count="7" type="stmt"/>
        <line num="37" count="0" type="stmt"/>
        <line num="40" count="7" type="stmt"/>
      </file>
      <file name="server.ts" path="C:\Users\marmo\Desktop\driven\Modulo5\projeto-drivenpass\src\server.ts">
        <metrics statements="5" coveredstatements="0" conditionals="2" coveredconditionals="0" methods="2" coveredmethods="0"/>
        <line num="1" count="0" type="stmt"/>
        <line num="3" count="0" type="cond" truecount="0" falsecount="2"/>
        <line num="5" count="0" type="stmt"/>
        <line num="6" count="0" type="stmt"/>
        <line num="8" count="0" type="stmt"/>
      </file>
    </package>
    <package name="src.config">
      <metrics statements="13" coveredstatements="12" conditionals="4" coveredconditionals="1" methods="3" coveredmethods="2"/>
      <file name="database.ts" path="C:\Users\marmo\Desktop\driven\Modulo5\projeto-drivenpass\src\config\database.ts">
        <metrics statements="5" coveredstatements="4" conditionals="0" coveredconditionals="0" methods="2" coveredmethods="1"/>
        <line num="1" count="9" type="stmt"/>
        <line num="4" count="9" type="stmt"/>
        <line num="5" count="7" type="stmt"/>
        <line num="8" count="9" type="stmt"/>
        <line num="9" count="0" type="stmt"/>
      </file>
      <file name="envs.ts" path="C:\Users\marmo\Desktop\driven\Modulo5\projeto-drivenpass\src\config\envs.ts">
        <metrics statements="6" coveredstatements="6" conditionals="4" coveredconditionals="1" methods="1" coveredmethods="1"/>
        <line num="1" count="9" type="stmt"/>
        <line num="2" count="9" type="stmt"/>
        <line num="4" count="9" type="stmt"/>
        <line num="6" count="16" type="cond" truecount="1" falsecount="1"/>
        <line num="12" count="16" type="stmt"/>
        <line num="13" count="16" type="stmt"/>
      </file>
      <file name="index.ts" path="C:\Users\marmo\Desktop\driven\Modulo5\projeto-drivenpass\src\config\index.ts">
        <metrics statements="2" coveredstatements="2" conditionals="0" coveredconditionals="0" methods="0" coveredmethods="0"/>
        <line num="1" count="9" type="stmt"/>
        <line num="2" count="9" type="stmt"/>
      </file>
    </package>
    <package name="src.controllers">
      <metrics statements="80" coveredstatements="76" conditionals="1" coveredconditionals="1" methods="10" coveredmethods="10"/>
      <file name="authentication-controller.ts" path="C:\Users\marmo\Desktop\driven\Modulo5\projeto-drivenpass\src\controllers\authentication-controller.ts">
        <metrics statements="8" coveredstatements="8" conditionals="0" coveredconditionals="0" methods="1" coveredmethods="1"/>
        <line num="2" count="7" type="stmt"/>
        <line num="3" count="7" type="stmt"/>
        <line num="5" count="7" type="stmt"/>
        <line num="6" count="6" type="stmt"/>
        <line num="8" count="6" type="stmt"/>
        <line num="9" count="6" type="stmt"/>
        <line num="11" count="3" type="stmt"/>
        <line num="13" count="3" type="stmt"/>
      </file>
      <file name="credential-controller.ts" path="C:\Users\marmo\Desktop\driven\Modulo5\projeto-drivenpass\src\controllers\credential-controller.ts">
        <metrics statements="29" coveredstatements="27" conditionals="0" coveredconditionals="0" methods="4" coveredmethods="4"/>
        <line num="1" count="7" type="stmt"/>
        <line num="3" count="7" type="stmt"/>
        <line num="7" count="7" type="stmt"/>
        <line num="8" count="4" type="stmt"/>
        <line num="10" count="4" type="stmt"/>
        <line num="11" count="4" type="stmt"/>
        <line num="12" count="2" type="stmt"/>
        <line num="14" count="2" type="stmt"/>
        <line num="18" count="7" type="stmt"/>
        <line num="19" count="1" type="stmt"/>
        <line num="20" count="1" type="stmt"/>
        <line num="22" count="1" type="stmt"/>
        <line num="23" count="1" type="stmt"/>
        <line num="24" count="0" type="stmt"/>
        <line num="27" count="1" type="stmt"/>
        <line num="31" count="7" type="stmt"/>
        <line num="32" count="1" type="stmt"/>
        <line num="33" count="1" type="stmt"/>
        <line num="35" count="1" type="stmt"/>
        <line num="36" count="1" type="stmt"/>
        <line num="37" count="1" type="stmt"/>
        <line num="41" count="0" type="stmt"/>
        <line num="47" count="7" type="stmt"/>
        <line num="48" count="3" type="stmt"/>
        <line num="49" count="3" type="stmt"/>
        <line num="51" count="3" type="stmt"/>
        <line num="52" count="3" type="stmt"/>
        <line num="53" count="1" type="stmt"/>
        <line num="55" count="2" type="stmt"/>
      </file>
      <file name="index.ts" path="C:\Users\marmo\Desktop\driven\Modulo5\projeto-drivenpass\src\controllers\index.ts">
        <metrics statements="4" coveredstatements="4" conditionals="0" coveredconditionals="0" methods="0" coveredmethods="0"/>
        <line num="1" count="7" type="stmt"/>
        <line num="2" count="7" type="stmt"/>
        <line num="3" count="7" type="stmt"/>
        <line num="4" count="7" type="stmt"/>
      </file>
      <file name="network-controller.ts" path="C:\Users\marmo\Desktop\driven\Modulo5\projeto-drivenpass\src\controllers\network-controller.ts">
        <metrics statements="29" coveredstatements="28" conditionals="0" coveredconditionals="0" methods="4" coveredmethods="4"/>
        <line num="1" count="7" type="stmt"/>
        <line num="3" count="7" type="stmt"/>
        <line num="7" count="7" type="stmt"/>
        <line num="8" count="4" type="stmt"/>
        <line num="10" count="4" type="stmt"/>
        <line num="11" count="4" type="stmt"/>
        <line num="12" count="2" type="stmt"/>
        <line num="14" count="2" type="stmt"/>
        <line num="18" count="7" type="stmt"/>
        <line num="19" count="1" type="stmt"/>
        <line num="20" count="1" type="stmt"/>
        <line num="22" count="1" type="stmt"/>
        <line num="23" count="1" type="stmt"/>
        <line num="24" count="0" type="stmt"/>
        <line num="26" count="1" type="stmt"/>
        <line num="30" count="7" type="stmt"/>
        <line num="31" count="2" type="stmt"/>
        <line num="32" count="2" type="stmt"/>
        <line num="34" count="2" type="stmt"/>
        <line num="35" count="2" type="stmt"/>
        <line num="36" count="1" type="stmt"/>
        <line num="40" count="1" type="stmt"/>
        <line num="44" count="7" type="stmt"/>
        <line num="45" count="2" type="stmt"/>
        <line num="46" count="2" type="stmt"/>
        <line num="48" count="2" type="stmt"/>
        <line num="49" count="2" type="stmt"/>
        <line num="50" count="1" type="stmt"/>
        <line num="52" count="1" type="stmt"/>
      </file>
      <file name="users-controller.ts" path="C:\Users\marmo\Desktop\driven\Modulo5\projeto-drivenpass\src\controllers\users-controller.ts">
        <metrics statements="10" coveredstatements="9" conditionals="1" coveredconditionals="1" methods="1" coveredmethods="1"/>
        <line num="2" count="7" type="stmt"/>
        <line num="3" count="7" type="stmt"/>
        <line num="5" count="7" type="stmt"/>
        <line num="6" count="4" type="stmt"/>
        <line num="8" count="4" type="stmt"/>
        <line num="9" count="4" type="stmt"/>
        <line num="10" count="3" type="stmt"/>
        <line num="15" count="1" type="cond" truecount="1" falsecount="0"/>
        <line num="16" count="1" type="stmt"/>
        <line num="18" count="0" type="stmt"/>
      </file>
    </package>
    <package name="src.errors">
      <metrics statements="24" coveredstatements="20" conditionals="0" coveredconditionals="0" methods="8" coveredmethods="4"/>
      <file name="conflict-error.ts" path="C:\Users\marmo\Desktop\driven\Modulo5\projeto-drivenpass\src\errors\conflict-error.ts">
        <metrics statements="2" coveredstatements="1" conditionals="0" coveredconditionals="0" methods="1" coveredmethods="0"/>
        <line num="3" count="7" type="stmt"/>
        <line num="4" count="0" type="stmt"/>
      </file>
      <file name="credential-name-error.ts" path="C:\Users\marmo\Desktop\driven\Modulo5\projeto-drivenpass\src\errors\credential-name-error.ts">
        <metrics statements="2" coveredstatements="2" conditionals="0" coveredconditionals="0" methods="1" coveredmethods="1"/>
        <line num="3" count="7" type="stmt"/>
        <line num="4" count="1" type="stmt"/>
      </file>
      <file name="forbidden-error.ts" path="C:\Users\marmo\Desktop\driven\Modulo5\projeto-drivenpass\src\errors\forbidden-error.ts">
        <metrics statements="2" coveredstatements="1" conditionals="0" coveredconditionals="0" methods="1" coveredmethods="0"/>
        <line num="3" count="7" type="stmt"/>
        <line num="4" count="0" type="stmt"/>
      </file>
      <file name="index.ts" path="C:\Users\marmo\Desktop\driven\Modulo5\projeto-drivenpass\src\errors\index.ts">
        <metrics statements="8" coveredstatements="8" conditionals="0" coveredconditionals="0" methods="0" coveredmethods="0"/>
        <line num="1" count="7" type="stmt"/>
        <line num="2" count="7" type="stmt"/>
        <line num="3" count="7" type="stmt"/>
        <line num="4" count="7" type="stmt"/>
        <line num="5" count="7" type="stmt"/>
        <line num="6" count="7" type="stmt"/>
        <line num="7" count="7" type="stmt"/>
        <line num="8" count="7" type="stmt"/>
      </file>
      <file name="invalid-data-error.ts" path="C:\Users\marmo\Desktop\driven\Modulo5\projeto-drivenpass\src\errors\invalid-data-error.ts">
        <metrics statements="2" coveredstatements="2" conditionals="0" coveredconditionals="0" methods="1" coveredmethods="1"/>
        <line num="3" count="7" type="stmt"/>
        <line num="4" count="4" type="stmt"/>
      </file>
      <file name="invalid-email-error.ts" path="C:\Users\marmo\Desktop\driven\Modulo5\projeto-drivenpass\src\errors\invalid-email-error.ts">
        <metrics statements="2" coveredstatements="1" conditionals="0" coveredconditionals="0" methods="1" coveredmethods="0"/>
        <line num="3" count="7" type="stmt"/>
        <line num="4" count="0" type="stmt"/>
      </file>
      <file name="not-found-error.ts" path="C:\Users\marmo\Desktop\driven\Modulo5\projeto-drivenpass\src\errors\not-found-error.ts">
        <metrics statements="2" coveredstatements="2" conditionals="0" coveredconditionals="0" methods="1" coveredmethods="1"/>
        <line num="3" count="7" type="stmt"/>
        <line num="4" count="9" type="stmt"/>
      </file>
      <file name="request-error.ts" path="C:\Users\marmo\Desktop\driven\Modulo5\projeto-drivenpass\src\errors\request-error.ts">
        <metrics statements="2" coveredstatements="1" conditionals="0" coveredconditionals="0" methods="1" coveredmethods="0"/>
        <line num="3" count="7" type="stmt"/>
        <line num="4" count="0" type="stmt"/>
      </file>
      <file name="unauthorized-error.ts" path="C:\Users\marmo\Desktop\driven\Modulo5\projeto-drivenpass\src\errors\unauthorized-error.ts">
        <metrics statements="2" coveredstatements="2" conditionals="0" coveredconditionals="0" methods="1" coveredmethods="1"/>
        <line num="3" count="7" type="stmt"/>
        <line num="4" count="24" type="stmt"/>
      </file>
    </package>
    <package name="src.middlewares">
      <metrics statements="49" coveredstatements="41" conditionals="14" coveredconditionals="8" methods="8" coveredmethods="7"/>
      <file name="authentication-middleware.ts" path="C:\Users\marmo\Desktop\driven\Modulo5\projeto-drivenpass\src\middlewares\authentication-middleware.ts">
        <metrics statements="17" coveredstatements="17" conditionals="3" coveredconditionals="2" methods="2" coveredmethods="2"/>
        <line num="2" count="7" type="stmt"/>
        <line num="3" count="7" type="stmt"/>
        <line num="5" count="7" type="stmt"/>
        <line num="6" count="7" type="stmt"/>
        <line num="8" count="7" type="stmt"/>
        <line num="9" count="42" type="stmt"/>
        <line num="10" count="42" type="cond" truecount="1" falsecount="0"/>
        <line num="12" count="34" type="stmt"/>
        <line num="13" count="34" type="cond" truecount="0" falsecount="1"/>
        <line num="15" count="34" type="stmt"/>
        <line num="16" count="34" type="stmt"/>
        <line num="18" count="26" type="stmt"/>
        <line num="23" count="26" type="cond" truecount="1" falsecount="0"/>
        <line num="25" count="18" type="stmt"/>
        <line num="27" count="18" type="stmt"/>
        <line num="29" count="8" type="stmt"/>
        <line num="34" count="24" type="stmt"/>
      </file>
      <file name="error-handling-middleware.ts" path="C:\Users\marmo\Desktop\driven\Modulo5\projeto-drivenpass\src\middlewares\error-handling-middleware.ts">
        <metrics statements="18" coveredstatements="11" conditionals="9" coveredconditionals="4" methods="1" coveredmethods="1"/>
        <line num="2" count="7" type="stmt"/>
        <line num="5" count="7" type="stmt"/>
        <line num="11" count="10" type="cond" truecount="0" falsecount="1"/>
        <line num="12" count="0" type="stmt"/>
        <line num="17" count="10" type="cond" truecount="2" falsecount="1"/>
        <line num="18" count="0" type="stmt"/>
        <line num="23" count="10" type="cond" truecount="0" falsecount="1"/>
        <line num="24" count="0" type="stmt"/>
        <line num="29" count="10" type="cond" truecount="0" falsecount="1"/>
        <line num="30" count="0" type="stmt"/>
        <line num="35" count="10" type="cond" truecount="1" falsecount="0"/>
        <line num="36" count="9" type="stmt"/>
        <line num="41" count="1" type="cond" truecount="0" falsecount="1"/>
        <line num="42" count="0" type="stmt"/>
        <line num="47" count="1" type="cond" truecount="1" falsecount="0"/>
        <line num="48" count="1" type="stmt"/>
        <line num="54" count="0" type="stmt"/>
        <line num="55" count="0" type="stmt"/>
      </file>
      <file name="index.ts" path="C:\Users\marmo\Desktop\driven\Modulo5\projeto-drivenpass\src\middlewares\index.ts">
        <metrics statements="3" coveredstatements="3" conditionals="0" coveredconditionals="0" methods="0" coveredmethods="0"/>
        <line num="1" count="7" type="stmt"/>
        <line num="2" count="7" type="stmt"/>
        <line num="3" count="7" type="stmt"/>
      </file>
      <file name="validation-middleware.ts" path="C:\Users\marmo\Desktop\driven\Modulo5\projeto-drivenpass\src\middlewares\validation-middleware.ts">
        <metrics statements="11" coveredstatements="10" conditionals="2" coveredconditionals="2" methods="5" coveredmethods="4"/>
        <line num="2" count="7" type="stmt"/>
        <line num="4" count="7" type="stmt"/>
        <line num="6" count="7" type="stmt"/>
        <line num="7" count="28" type="stmt"/>
        <line num="10" count="7" type="stmt"/>
        <line num="11" count="0" type="stmt"/>
        <line num="15" count="28" type="stmt"/>
        <line num="16" count="17" type="stmt"/>
        <line num="20" count="17" type="cond" truecount="2" falsecount="0"/>
        <line num="21" count="13" type="stmt"/>
        <line num="23" count="10" type="stmt"/>
      </file>
    </package>
    <package name="src.repositories.credential-repository">
      <metrics statements="11" coveredstatements="10" conditionals="1" coveredconditionals="0" methods="5" coveredmethods="5"/>
      <file name="index.ts" path="C:\Users\marmo\Desktop\driven\Modulo5\projeto-drivenpass\src\repositories\credential-repository\index.ts">
        <metrics statements="11" coveredstatements="10" conditionals="1" coveredconditionals="0" methods="5" coveredmethods="5"/>
        <line num="2" count="7" type="stmt"/>
        <line num="5" count="1" type="stmt"/>
        <line num="11" count="4" type="stmt"/>
        <line num="19" count="1" type="stmt"/>
        <line num="27" count="4" type="stmt"/>
        <line num="33" count="4" type="cond" truecount="0" falsecount="1"/>
        <line num="34" count="0" type="stmt"/>
        <line num="37" count="4" type="stmt"/>
        <line num="41" count="1" type="stmt"/>
        <line num="50" count="7" type="stmt"/>
        <line num="58" count="7" type="stmt"/>
      </file>
    </package>
    <package name="src.repositories.network-repository">
      <metrics statements="11" coveredstatements="10" conditionals="1" coveredconditionals="0" methods="5" coveredmethods="5"/>
      <file name="index.ts" path="C:\Users\marmo\Desktop\driven\Modulo5\projeto-drivenpass\src\repositories\network-repository\index.ts">
        <metrics statements="11" coveredstatements="10" conditionals="1" coveredconditionals="0" methods="5" coveredmethods="5"/>
        <line num="2" count="7" type="stmt"/>
        <line num="6" count="1" type="stmt"/>
        <line num="13" count="3" type="stmt"/>
        <line num="19" count="3" type="cond" truecount="0" falsecount="1"/>
        <line num="20" count="0" type="stmt"/>
        <line num="23" count="3" type="stmt"/>
        <line num="27" count="2" type="stmt"/>
        <line num="36" count="4" type="stmt"/>
        <line num="45" count="1" type="stmt"/>
        <line num="52" count="7" type="stmt"/>
        <line num="60" count="7" type="stmt"/>
      </file>
    </package>
    <package name="src.repositories.session-repository">
      <metrics statements="4" coveredstatements="4" conditionals="0" coveredconditionals="0" methods="1" coveredmethods="1"/>
      <file name="index.ts" path="C:\Users\marmo\Desktop\driven\Modulo5\projeto-drivenpass\src\repositories\session-repository\index.ts">
        <metrics statements="4" coveredstatements="4" conditionals="0" coveredconditionals="0" methods="1" coveredmethods="1"/>
        <line num="2" count="7" type="stmt"/>
        <line num="5" count="5" type="stmt"/>
        <line num="10" count="7" type="stmt"/>
        <line num="14" count="7" type="stmt"/>
      </file>
    </package>
    <package name="src.repositories.user-repository">
      <metrics statements="8" coveredstatements="8" conditionals="1" coveredconditionals="1" methods="2" coveredmethods="2"/>
      <file name="index.ts" path="C:\Users\marmo\Desktop\driven\Modulo5\projeto-drivenpass\src\repositories\user-repository\index.ts">
        <metrics statements="8" coveredstatements="8" conditionals="1" coveredconditionals="1" methods="2" coveredmethods="2"/>
        <line num="2" count="7" type="stmt"/>
        <line num="5" count="17" type="stmt"/>
        <line num="11" count="17" type="cond" truecount="1" falsecount="0"/>
        <line num="12" count="10" type="stmt"/>
        <line num="15" count="17" type="stmt"/>
        <line num="19" count="5" type="stmt"/>
        <line num="24" count="7" type="stmt"/>
        <line num="29" count="7" type="stmt"/>
      </file>
    </package>
    <package name="src.routers">
      <metrics statements="33" coveredstatements="33" conditionals="0" coveredconditionals="0" methods="0" coveredmethods="0"/>
      <file name="authentication-router.ts" path="C:\Users\marmo\Desktop\driven\Modulo5\projeto-drivenpass\src\routers\authentication-router.ts">
        <metrics statements="7" coveredstatements="7" conditionals="0" coveredconditionals="0" methods="0" coveredmethods="0"/>
        <line num="1" count="7" type="stmt"/>
        <line num="2" count="7" type="stmt"/>
        <line num="3" count="7" type="stmt"/>
        <line num="4" count="7" type="stmt"/>
        <line num="6" count="7" type="stmt"/>
        <line num="8" count="7" type="stmt"/>
        <line num="10" count="7" type="stmt"/>
      </file>
      <file name="credential-router.ts" path="C:\Users\marmo\Desktop\driven\Modulo5\projeto-drivenpass\src\routers\credential-router.ts">
        <metrics statements="7" coveredstatements="7" conditionals="0" coveredconditionals="0" methods="0" coveredmethods="0"/>
        <line num="1" count="7" type="stmt"/>
        <line num="2" count="7" type="stmt"/>
        <line num="3" count="7" type="stmt"/>
        <line num="4" count="7" type="stmt"/>
        <line num="6" count="7" type="stmt"/>
        <line num="8" count="7" type="stmt"/>
        <line num="15" count="7" type="stmt"/>
      </file>
      <file name="index.ts" path="C:\Users\marmo\Desktop\driven\Modulo5\projeto-drivenpass\src\routers\index.ts">
        <metrics statements="4" coveredstatements="4" conditionals="0" coveredconditionals="0" methods="0" coveredmethods="0"/>
        <line num="1" count="7" type="stmt"/>
        <line num="2" count="7" type="stmt"/>
        <line num="3" count="7" type="stmt"/>
        <line num="4" count="7" type="stmt"/>
      </file>
      <file name="network-router.ts" path="C:\Users\marmo\Desktop\driven\Modulo5\projeto-drivenpass\src\routers\network-router.ts">
        <metrics statements="8" coveredstatements="8" conditionals="0" coveredconditionals="0" methods="0" coveredmethods="0"/>
        <line num="1" count="7" type="stmt"/>
        <line num="2" count="7" type="stmt"/>
        <line num="3" count="7" type="stmt"/>
        <line num="4" count="7" type="stmt"/>
        <line num="5" count="7" type="stmt"/>
        <line num="7" count="7" type="stmt"/>
        <line num="9" count="7" type="stmt"/>
        <line num="16" count="7" type="stmt"/>
      </file>
      <file name="users-router.ts" path="C:\Users\marmo\Desktop\driven\Modulo5\projeto-drivenpass\src\routers\users-router.ts">
        <metrics statements="7" coveredstatements="7" conditionals="0" coveredconditionals="0" methods="0" coveredmethods="0"/>
        <line num="1" count="7" type="stmt"/>
        <line num="2" count="7" type="stmt"/>
        <line num="3" count="7" type="stmt"/>
        <line num="4" count="7" type="stmt"/>
        <line num="6" count="7" type="stmt"/>
        <line num="8" count="7" type="stmt"/>
        <line num="10" count="7" type="stmt"/>
      </file>
    </package>
    <package name="src.schemas">
      <metrics statements="12" coveredstatements="12" conditionals="0" coveredconditionals="0" methods="0" coveredmethods="0"/>
      <file name="authentication-schemas.ts" path="C:\Users\marmo\Desktop\driven\Modulo5\projeto-drivenpass\src\schemas\authentication-schemas.ts">
        <metrics statements="2" coveredstatements="2" conditionals="0" coveredconditionals="0" methods="0" coveredmethods="0"/>
        <line num="1" count="9" type="stmt"/>
        <line num="4" count="9" type="stmt"/>
      </file>
      <file name="credential-schemas.ts" path="C:\Users\marmo\Desktop\driven\Modulo5\projeto-drivenpass\src\schemas\credential-schemas.ts">
        <metrics statements="2" coveredstatements="2" conditionals="0" coveredconditionals="0" methods="0" coveredmethods="0"/>
        <line num="1" count="9" type="stmt"/>
        <line num="4" count="9" type="stmt"/>
      </file>
      <file name="index.ts" path="C:\Users\marmo\Desktop\driven\Modulo5\projeto-drivenpass\src\schemas\index.ts">
        <metrics statements="4" coveredstatements="4" conditionals="0" coveredconditionals="0" methods="0" coveredmethods="0"/>
        <line num="1" count="9" type="stmt"/>
        <line num="2" count="9" type="stmt"/>
        <line num="3" count="9" type="stmt"/>
        <line num="4" count="9" type="stmt"/>
      </file>
      <file name="network-schemas.ts" path="C:\Users\marmo\Desktop\driven\Modulo5\projeto-drivenpass\src\schemas\network-schemas.ts">
        <metrics statements="2" coveredstatements="2" conditionals="0" coveredconditionals="0" methods="0" coveredmethods="0"/>
        <line num="1" count="9" type="stmt"/>
        <line num="4" count="9" type="stmt"/>
      </file>
      <file name="user-schemas.ts" path="C:\Users\marmo\Desktop\driven\Modulo5\projeto-drivenpass\src\schemas\user-schemas.ts">
        <metrics statements="2" coveredstatements="2" conditionals="0" coveredconditionals="0" methods="0" coveredmethods="0"/>
        <line num="1" count="9" type="stmt"/>
        <line num="4" count="9" type="stmt"/>
      </file>
    </package>
    <package name="src.services">
      <metrics statements="4" coveredstatements="0" conditionals="0" coveredconditionals="0" methods="0" coveredmethods="0"/>
      <file name="index.ts" path="C:\Users\marmo\Desktop\driven\Modulo5\projeto-drivenpass\src\services\index.ts">
        <metrics statements="4" coveredstatements="0" conditionals="0" coveredconditionals="0" methods="0" coveredmethods="0"/>
        <line num="1" count="0" type="stmt"/>
        <line num="2" count="0" type="stmt"/>
        <line num="3" count="0" type="stmt"/>
        <line num="4" count="0" type="stmt"/>
      </file>
    </package>
    <package name="src.services.authentication-service">
      <metrics statements="24" coveredstatements="24" conditionals="2" coveredconditionals="2" methods="5" coveredmethods="5"/>
      <file name="errors.ts" path="C:\Users\marmo\Desktop\driven\Modulo5\projeto-drivenpass\src\services\authentication-service\errors.ts">
        <metrics statements="2" coveredstatements="2" conditionals="0" coveredconditionals="0" methods="1" coveredmethods="1"/>
        <line num="3" count="7" type="stmt"/>
        <line num="4" count="7" type="stmt"/>
      </file>
      <file name="index.ts" path="C:\Users\marmo\Desktop\driven\Modulo5\projeto-drivenpass\src\services\authentication-service\index.ts">
        <metrics statements="22" coveredstatements="22" conditionals="2" coveredconditionals="2" methods="4" coveredmethods="4"/>
        <line num="2" count="7" type="stmt"/>
        <line num="3" count="7" type="stmt"/>
        <line num="4" count="7" type="stmt"/>
        <line num="5" count="7" type="stmt"/>
        <line num="6" count="7" type="stmt"/>
        <line num="7" count="7" type="stmt"/>
        <line num="10" count="10" type="stmt"/>
        <line num="12" count="10" type="stmt"/>
        <line num="14" count="7" type="stmt"/>
        <line num="16" count="5" type="stmt"/>
        <line num="18" count="5" type="stmt"/>
        <line num="25" count="10" type="stmt"/>
        <line num="26" count="10" type="cond" truecount="1" falsecount="0"/>
        <line num="28" count="7" type="stmt"/>
        <line num="32" count="5" type="stmt"/>
        <line num="33" count="5" type="stmt"/>
        <line num="38" count="5" type="stmt"/>
        <line num="42" count="7" type="stmt"/>
        <line num="43" count="7" type="cond" truecount="1" falsecount="0"/>
        <line num="55" count="7" type="stmt"/>
        <line num="59" count="7" type="stmt"/>
        <line num="60" count="7" type="stmt"/>
      </file>
    </package>
    <package name="src.services.credentials-service">
      <metrics statements="26" coveredstatements="23" conditionals="8" coveredconditionals="7" methods="6" coveredmethods="6"/>
      <file name="index.ts" path="C:\Users\marmo\Desktop\driven\Modulo5\projeto-drivenpass\src\services\credentials-service\index.ts">
        <metrics statements="26" coveredstatements="23" conditionals="8" coveredconditionals="7" methods="6" coveredmethods="6"/>
        <line num="2" count="7" type="stmt"/>
        <line num="3" count="7" type="stmt"/>
        <line num="4" count="7" type="stmt"/>
        <line num="8" count="1" type="stmt"/>
        <line num="9" count="1" type="cond" truecount="3" falsecount="0"/>
        <line num="10" count="1" type="stmt"/>
        <line num="13" count="0" type="stmt"/>
        <line num="14" count="0" type="stmt"/>
        <line num="18" count="4" type="stmt"/>
        <line num="19" count="4" type="cond" truecount="1" falsecount="0"/>
        <line num="20" count="2" type="stmt"/>
        <line num="23" count="3" type="stmt"/>
        <line num="24" count="2" type="stmt"/>
        <line num="27" count="7" type="stmt"/>
        <line num="34" count="1" type="stmt"/>
        <line num="36" count="1" type="stmt"/>
        <line num="37" count="1" type="stmt"/>
        <line num="46" count="1" type="stmt"/>
        <line num="47" count="1" type="cond" truecount="0" falsecount="1"/>
        <line num="48" count="0" type="stmt"/>
        <line num="53" count="3" type="stmt"/>
        <line num="54" count="3" type="cond" truecount="3" falsecount="0"/>
        <line num="55" count="2" type="stmt"/>
        <line num="58" count="1" type="stmt"/>
        <line num="65" count="7" type="stmt"/>
        <line num="72" count="7" type="stmt"/>
      </file>
    </package>
    <package name="src.services.networks-service">
      <metrics statements="25" coveredstatements="23" conditionals="8" coveredconditionals="8" methods="6" coveredmethods="6"/>
      <file name="index.ts" path="C:\Users\marmo\Desktop\driven\Modulo5\projeto-drivenpass\src\services\networks-service\index.ts">
        <metrics statements="25" coveredstatements="23" conditionals="8" coveredconditionals="8" methods="6" coveredmethods="6"/>
        <line num="2" count="7" type="stmt"/>
        <line num="3" count="7" type="stmt"/>
        <line num="4" count="7" type="stmt"/>
        <line num="7" count="2" type="stmt"/>
        <line num="9" count="1" type="stmt"/>
        <line num="10" count="1" type="stmt"/>
        <line num="19" count="2" type="stmt"/>
        <line num="20" count="2" type="cond" truecount="1" falsecount="0"/>
        <line num="21" count="1" type="stmt"/>
        <line num="27" count="1" type="stmt"/>
        <line num="29" count="1" type="cond" truecount="3" falsecount="0"/>
        <line num="30" count="1" type="stmt"/>
        <line num="33" count="0" type="stmt"/>
        <line num="34" count="0" type="stmt"/>
        <line num="39" count="4" type="stmt"/>
        <line num="41" count="4" type="cond" truecount="1" falsecount="0"/>
        <line num="42" count="2" type="stmt"/>
        <line num="45" count="3" type="stmt"/>
        <line num="46" count="2" type="stmt"/>
        <line num="51" count="2" type="stmt"/>
        <line num="52" count="2" type="cond" truecount="3" falsecount="0"/>
        <line num="53" count="1" type="stmt"/>
        <line num="56" count="1" type="stmt"/>
        <line num="62" count="7" type="stmt"/>
        <line num="69" count="7" type="stmt"/>
      </file>
    </package>
    <package name="src.services.users-service">
      <metrics statements="15" coveredstatements="15" conditionals="1" coveredconditionals="1" methods="3" coveredmethods="3"/>
      <file name="errors.ts" path="C:\Users\marmo\Desktop\driven\Modulo5\projeto-drivenpass\src\services\users-service\errors.ts">
        <metrics statements="2" coveredstatements="2" conditionals="0" coveredconditionals="0" methods="1" coveredmethods="1"/>
        <line num="3" count="7" type="stmt"/>
        <line num="4" count="4" type="stmt"/>
      </file>
      <file name="index.ts" path="C:\Users\marmo\Desktop\driven\Modulo5\projeto-drivenpass\src\services\users-service\index.ts">
        <metrics statements="13" coveredstatements="13" conditionals="1" coveredconditionals="1" methods="2" coveredmethods="2"/>
        <line num="2" count="7" type="stmt"/>
        <line num="3" count="7" type="stmt"/>
        <line num="4" count="7" type="stmt"/>
        <line num="7" count="7" type="stmt"/>
        <line num="9" count="7" type="stmt"/>
        <line num="11" count="5" type="stmt"/>
        <line num="12" count="5" type="stmt"/>
        <line num="19" count="7" type="stmt"/>
        <line num="20" count="7" type="cond" truecount="1" falsecount="0"/>
        <line num="21" count="2" type="stmt"/>
        <line num="29" count="7" type="stmt"/>
        <line num="33" count="7" type="stmt"/>
        <line num="34" count="7" type="stmt"/>
      </file>
    </package>
    <package name="src.utils">
      <metrics statements="18" coveredstatements="10" conditionals="0" coveredconditionals="0" methods="4" coveredmethods="3"/>
      <file name="cryptr-utils.ts" path="C:\Users\marmo\Desktop\driven\Modulo5\projeto-drivenpass\src\utils\cryptr-utils.ts">
        <metrics statements="5" coveredstatements="5" conditionals="0" coveredconditionals="0" methods="2" coveredmethods="2"/>
        <line num="1" count="7" type="stmt"/>
        <line num="3" count="7" type="stmt"/>
        <line num="6" count="21" type="stmt"/>
        <line num="10" count="12" type="stmt"/>
        <line num="13" count="7" type="stmt"/>
      </file>
      <file name="prisma-utils.ts" path="C:\Users\marmo\Desktop\driven\Modulo5\projeto-drivenpass\src\utils\prisma-utils.ts">
        <metrics statements="5" coveredstatements="5" conditionals="0" coveredconditionals="0" methods="1" coveredmethods="1"/>
        <line num="1" count="7" type="stmt"/>
        <line num="2" count="5" type="stmt"/>
        <line num="3" count="5" type="stmt"/>
        <line num="4" count="5" type="stmt"/>
        <line num="6" count="5" type="stmt"/>
      </file>
      <file name="request.ts" path="C:\Users\marmo\Desktop\driven\Modulo5\projeto-drivenpass\src\utils\request.ts">
        <metrics statements="8" coveredstatements="0" conditionals="0" coveredconditionals="0" methods="1" coveredmethods="0"/>
        <line num="1" count="0" type="stmt"/>
        <line num="2" count="0" type="stmt"/>
        <line num="5" count="0" type="stmt"/>
        <line num="6" count="0" type="stmt"/>
        <line num="7" count="0" type="stmt"/>
        <line num="9" count="0" type="stmt"/>
        <line num="11" count="0" type="stmt"/>
        <line num="15" count="0" type="stmt"/>
      </file>
    </package>
  </project>
</coverage>
