{"C:\\Users\\marmo\\Desktop\\driven\\Modulo5\\projeto-drivenpass\\src\\app.ts": {"path":"C:\\Users\\marmo\\Desktop\\driven\\Modulo5\\projeto-drivenpass\\src\\app.ts","statementMap":{"0":{"start":{"line":1,"column":0},"end":{"line":1,"column":26}},"1":{"start":{"line":2,"column":0},"end":{"line":2,"column":30}},"2":{"start":{"line":3,"column":0},"end":{"line":3,"column":43}},"3":{"start":{"line":4,"column":0},"end":{"line":4,"column":24}},"4":{"start":{"line":6,"column":0},"end":{"line":6,"column":60}},"5":{"start":{"line":8,"column":0},"end":{"line":8,"column":10}},"6":{"start":{"line":10,"column":0},"end":{"line":10,"column":56}},"7":{"start":{"line":12,"column":0},"end":{"line":12,"column":null}},"8":{"start":{"line":20,"column":12},"end":{"line":20,"column":21}},"9":{"start":{"line":21,"column":0},"end":{"line":29,"column":32}},"10":{"start":{"line":24,"column":33},"end":{"line":24,"column":48}},"11":{"start":{"line":32,"column":2},"end":{"line":32,"column":14}},"12":{"start":{"line":33,"column":2},"end":{"line":33,"column":30}},"13":{"start":{"line":31,"column":0},"end":{"line":31,"column":16}},"14":{"start":{"line":37,"column":2},"end":{"line":37,"column":23}},"15":{"start":{"line":36,"column":0},"end":{"line":36,"column":7}},"16":{"start":{"line":40,"column":0},"end":{"line":40,"column":19}}},"fnMap":{"0":{"name":"(anonymous_1)","decl":{"start":{"line":24,"column":18},"end":{"line":24,"column":19}},"loc":{"start":{"line":24,"column":33},"end":{"line":24,"column":48}}},"1":{"name":"init","decl":{"start":{"line":31,"column":16},"end":{"line":31,"column":20}},"loc":{"start":{"line":31,"column":20},"end":{"line":34,"column":1}}},"2":{"name":"close","decl":{"start":{"line":36,"column":22},"end":{"line":36,"column":27}},"loc":{"start":{"line":36,"column":27},"end":{"line":38,"column":1}}}},"branchMap":{},"s":{"0":7,"1":7,"2":7,"3":7,"4":7,"5":7,"6":7,"7":7,"8":7,"9":7,"10":1,"11":7,"12":7,"13":7,"14":0,"15":7,"16":7},"f":{"0":1,"1":7,"2":0},"b":{}}
,"C:\\Users\\marmo\\Desktop\\driven\\Modulo5\\projeto-drivenpass\\src\\server.ts": {"path":"C:\\Users\\marmo\\Desktop\\driven\\Modulo5\\projeto-drivenpass\\src\\server.ts","statementMap":{"0":{"start":{"line":1,"column":0},"end":{"line":1,"column":34}},"1":{"start":{"line":3,"column":13},"end":{"line":3,"column":38}},"2":{"start":{"line":5,"column":0},"end":{"line":10,"column":3}},"3":{"start":{"line":6,"column":2},"end":{"line":9,"column":5}},"4":{"start":{"line":8,"column":4},"end":{"line":8,"column":56}}},"fnMap":{"0":{"name":"(anonymous_6)","decl":{"start":{"line":5,"column":12},"end":{"line":5,"column":15}},"loc":{"start":{"line":5,"column":17},"end":{"line":10,"column":1}}},"1":{"name":"(anonymous_7)","decl":{"start":{"line":6,"column":19},"end":{"line":6,"column":22}},"loc":{"start":{"line":6,"column":24},"end":{"line":9,"column":3}}}},"branchMap":{"0":{"loc":{"start":{"line":3,"column":13},"end":{"line":3,"column":38}},"type":"binary-expr","locations":[{"start":{"line":3,"column":13},"end":{"line":3,"column":30}},{"start":{"line":3,"column":34},"end":{"line":3,"column":38}}]}},"s":{"0":0,"1":0,"2":0,"3":0,"4":0},"f":{"0":0,"1":0},"b":{"0":[0,0]}}
,"C:\\Users\\marmo\\Desktop\\driven\\Modulo5\\projeto-drivenpass\\src\\config\\database.ts": {"path":"C:\\Users\\marmo\\Desktop\\driven\\Modulo5\\projeto-drivenpass\\src\\config\\database.ts","statementMap":{"0":{"start":{"line":1,"column":0},"end":{"line":1,"column":46}},"1":{"start":{"line":5,"column":2},"end":{"line":5,"column":30}},"2":{"start":{"line":4,"column":0},"end":{"line":4,"column":16}},"3":{"start":{"line":9,"column":2},"end":{"line":9,"column":30}},"4":{"start":{"line":8,"column":0},"end":{"line":8,"column":7}}},"fnMap":{"0":{"name":"connectDb","decl":{"start":{"line":4,"column":16},"end":{"line":4,"column":25}},"loc":{"start":{"line":4,"column":25},"end":{"line":6,"column":1}}},"1":{"name":"disconnectDB","decl":{"start":{"line":8,"column":22},"end":{"line":8,"column":34}},"loc":{"start":{"line":8,"column":34},"end":{"line":10,"column":1}}}},"branchMap":{},"s":{"0":9,"1":7,"2":9,"3":0,"4":9},"f":{"0":7,"1":0},"b":{}}
,"C:\\Users\\marmo\\Desktop\\driven\\Modulo5\\projeto-drivenpass\\src\\config\\envs.ts": {"path":"C:\\Users\\marmo\\Desktop\\driven\\Modulo5\\projeto-drivenpass\\src\\config\\envs.ts","statementMap":{"0":{"start":{"line":1,"column":0},"end":{"line":1,"column":28}},"1":{"start":{"line":2,"column":0},"end":{"line":2,"column":41}},"2":{"start":{"line":6,"column":4},"end":{"line":10,"column":14}},"3":{"start":{"line":12,"column":22},"end":{"line":12,"column":45}},"4":{"start":{"line":13,"column":2},"end":{"line":13,"column":35}},"5":{"start":{"line":4,"column":0},"end":{"line":4,"column":16}}},"fnMap":{"0":{"name":"loadEnv","decl":{"start":{"line":4,"column":16},"end":{"line":4,"column":23}},"loc":{"start":{"line":4,"column":23},"end":{"line":14,"column":1}}}},"branchMap":{"0":{"loc":{"start":{"line":6,"column":4},"end":{"line":10,"column":14}},"type":"cond-expr","locations":[{"start":{"line":7,"column":8},"end":{"line":7,"column":19}},{"start":{"line":8,"column":8},"end":{"line":10,"column":14}}]},"1":{"loc":{"start":{"line":8,"column":8},"end":{"line":10,"column":14}},"type":"cond-expr","locations":[{"start":{"line":9,"column":8},"end":{"line":9,"column":26}},{"start":{"line":10,"column":8},"end":{"line":10,"column":14}}]}},"s":{"0":9,"1":9,"2":16,"3":16,"4":16,"5":9},"f":{"0":16},"b":{"0":[16,0],"1":[0,0]}}
,"C:\\Users\\marmo\\Desktop\\driven\\Modulo5\\projeto-drivenpass\\src\\config\\index.ts": {"path":"C:\\Users\\marmo\\Desktop\\driven\\Modulo5\\projeto-drivenpass\\src\\config\\index.ts","statementMap":{"0":{"start":{"line":1,"column":0},"end":{"line":1,"column":23}},"1":{"start":{"line":2,"column":0},"end":{"line":2,"column":27}}},"fnMap":{},"branchMap":{},"s":{"0":9,"1":9},"f":{},"b":{}}
,"C:\\Users\\marmo\\Desktop\\driven\\Modulo5\\projeto-drivenpass\\src\\controllers\\authentication-controller.ts": {"path":"C:\\Users\\marmo\\Desktop\\driven\\Modulo5\\projeto-drivenpass\\src\\controllers\\authentication-controller.ts","statementMap":{"0":{"start":{"line":2,"column":0},"end":{"line":2,"column":37}},"1":{"start":{"line":3,"column":0},"end":{"line":3,"column":88}},"2":{"start":{"line":6,"column":30},"end":{"line":6,"column":54}},"3":{"start":{"line":8,"column":2},"end":{"line":14,"column":null}},"4":{"start":{"line":9,"column":19},"end":{"line":9,"column":74}},"5":{"start":{"line":11,"column":4},"end":{"line":11,"column":50}},"6":{"start":{"line":13,"column":4},"end":{"line":13,"column":56}},"7":{"start":{"line":5,"column":0},"end":{"line":5,"column":7}}},"fnMap":{"0":{"name":"singInPost","decl":{"start":{"line":5,"column":22},"end":{"line":5,"column":32}},"loc":{"start":{"line":5,"column":60},"end":{"line":15,"column":1}}}},"branchMap":{},"s":{"0":7,"1":7,"2":6,"3":6,"4":6,"5":3,"6":3,"7":7},"f":{"0":6},"b":{}}
,"C:\\Users\\marmo\\Desktop\\driven\\Modulo5\\projeto-drivenpass\\src\\controllers\\credential-controller.ts": {"path":"C:\\Users\\marmo\\Desktop\\driven\\Modulo5\\projeto-drivenpass\\src\\controllers\\credential-controller.ts","statementMap":{"0":{"start":{"line":1,"column":0},"end":{"line":1,"column":37}},"1":{"start":{"line":3,"column":0},"end":{"line":3,"column":91}},"2":{"start":{"line":7,"column":21},"end":{"line":7,"column":24}},"3":{"start":{"line":9,"column":2},"end":{"line":14,"column":null}},"4":{"start":{"line":10,"column":24},"end":{"line":10,"column":70}},"5":{"start":{"line":11,"column":4},"end":{"line":11,"column":55}},"6":{"start":{"line":13,"column":4},"end":{"line":13,"column":14}},"7":{"start":{"line":6,"column":0},"end":{"line":6,"column":7}},"8":{"start":{"line":18,"column":27},"end":{"line":18,"column":37}},"9":{"start":{"line":19,"column":21},"end":{"line":19,"column":24}},"10":{"start":{"line":21,"column":2},"end":{"line":26,"column":null}},"11":{"start":{"line":22,"column":28},"end":{"line":22,"column":100}},"12":{"start":{"line":23,"column":4},"end":{"line":23,"column":59}},"13":{"start":{"line":25,"column":4},"end":{"line":25,"column":14}},"14":{"start":{"line":17,"column":0},"end":{"line":17,"column":7}},"15":{"start":{"line":30,"column":45},"end":{"line":30,"column":79}},"16":{"start":{"line":31,"column":21},"end":{"line":31,"column":24}},"17":{"start":{"line":33,"column":2},"end":{"line":43,"column":null}},"18":{"start":{"line":34,"column":26},"end":{"line":34,"column":110}},"19":{"start":{"line":35,"column":4},"end":{"line":37,"column":7}},"20":{"start":{"line":39,"column":4},"end":{"line":41,"column":null}},"21":{"start":{"line":40,"column":6},"end":{"line":40,"column":55}},"22":{"start":{"line":42,"column":4},"end":{"line":42,"column":56}},"23":{"start":{"line":29,"column":0},"end":{"line":29,"column":7}},"24":{"start":{"line":47,"column":21},"end":{"line":47,"column":24}},"25":{"start":{"line":48,"column":27},"end":{"line":48,"column":37}},"26":{"start":{"line":50,"column":2},"end":{"line":55,"column":null}},"27":{"start":{"line":51,"column":4},"end":{"line":51,"column":77}},"28":{"start":{"line":52,"column":4},"end":{"line":52,"column":47}},"29":{"start":{"line":54,"column":4},"end":{"line":54,"column":14}},"30":{"start":{"line":46,"column":0},"end":{"line":46,"column":7}}},"fnMap":{"0":{"name":"credentialsList","decl":{"start":{"line":6,"column":22},"end":{"line":6,"column":37}},"loc":{"start":{"line":6,"column":98},"end":{"line":15,"column":1}}},"1":{"name":"credentialsLocate","decl":{"start":{"line":17,"column":22},"end":{"line":17,"column":39}},"loc":{"start":{"line":17,"column":100},"end":{"line":27,"column":1}}},"2":{"name":"credentialsStore","decl":{"start":{"line":29,"column":22},"end":{"line":29,"column":38}},"loc":{"start":{"line":29,"column":79},"end":{"line":44,"column":1}}},"3":{"name":"credentialsDelete","decl":{"start":{"line":46,"column":22},"end":{"line":46,"column":39}},"loc":{"start":{"line":46,"column":100},"end":{"line":56,"column":1}}}},"branchMap":{"0":{"loc":{"start":{"line":39,"column":4},"end":{"line":41,"column":null}},"type":"if","locations":[{"start":{"line":39,"column":4},"end":{"line":41,"column":null}}]}},"s":{"0":7,"1":7,"2":4,"3":4,"4":4,"5":2,"6":2,"7":7,"8":1,"9":1,"10":1,"11":1,"12":0,"13":1,"14":7,"15":1,"16":1,"17":1,"18":1,"19":1,"20":0,"21":0,"22":0,"23":7,"24":3,"25":3,"26":3,"27":3,"28":1,"29":2,"30":7},"f":{"0":4,"1":1,"2":1,"3":3},"b":{"0":[0]}}
,"C:\\Users\\marmo\\Desktop\\driven\\Modulo5\\projeto-drivenpass\\src\\controllers\\index.ts": {"path":"C:\\Users\\marmo\\Desktop\\driven\\Modulo5\\projeto-drivenpass\\src\\controllers\\index.ts","statementMap":{"0":{"start":{"line":1,"column":0},"end":{"line":1,"column":44}},"1":{"start":{"line":2,"column":0},"end":{"line":2,"column":40}},"2":{"start":{"line":3,"column":0},"end":{"line":3,"column":37}},"3":{"start":{"line":4,"column":0},"end":{"line":4,"column":35}}},"fnMap":{},"branchMap":{},"s":{"0":7,"1":7,"2":7,"3":7},"f":{},"b":{}}
,"C:\\Users\\marmo\\Desktop\\driven\\Modulo5\\projeto-drivenpass\\src\\controllers\\network-controller.ts": {"path":"C:\\Users\\marmo\\Desktop\\driven\\Modulo5\\projeto-drivenpass\\src\\controllers\\network-controller.ts","statementMap":{"0":{"start":{"line":1,"column":0},"end":{"line":1,"column":37}},"1":{"start":{"line":3,"column":0},"end":{"line":3,"column":82}},"2":{"start":{"line":7,"column":21},"end":{"line":7,"column":24}},"3":{"start":{"line":9,"column":2},"end":{"line":14,"column":null}},"4":{"start":{"line":10,"column":24},"end":{"line":10,"column":64}},"5":{"start":{"line":11,"column":4},"end":{"line":11,"column":55}},"6":{"start":{"line":13,"column":4},"end":{"line":13,"column":14}},"7":{"start":{"line":6,"column":0},"end":{"line":6,"column":7}},"8":{"start":{"line":18,"column":24},"end":{"line":18,"column":34}},"9":{"start":{"line":19,"column":21},"end":{"line":19,"column":24}},"10":{"start":{"line":21,"column":2},"end":{"line":26,"column":null}},"11":{"start":{"line":22,"column":28},"end":{"line":22,"column":91}},"12":{"start":{"line":23,"column":4},"end":{"line":23,"column":59}},"13":{"start":{"line":25,"column":4},"end":{"line":25,"column":14}},"14":{"start":{"line":17,"column":0},"end":{"line":17,"column":7}},"15":{"start":{"line":30,"column":39},"end":{"line":30,"column":70}},"16":{"start":{"line":31,"column":21},"end":{"line":31,"column":24}},"17":{"start":{"line":33,"column":2},"end":{"line":43,"column":null}},"18":{"start":{"line":34,"column":26},"end":{"line":34,"column":95}},"19":{"start":{"line":35,"column":4},"end":{"line":37,"column":7}},"20":{"start":{"line":39,"column":4},"end":{"line":41,"column":null}},"21":{"start":{"line":40,"column":6},"end":{"line":40,"column":55}},"22":{"start":{"line":42,"column":4},"end":{"line":42,"column":56}},"23":{"start":{"line":29,"column":0},"end":{"line":29,"column":7}},"24":{"start":{"line":47,"column":21},"end":{"line":47,"column":24}},"25":{"start":{"line":48,"column":24},"end":{"line":48,"column":34}},"26":{"start":{"line":50,"column":2},"end":{"line":55,"column":null}},"27":{"start":{"line":51,"column":4},"end":{"line":51,"column":68}},"28":{"start":{"line":52,"column":4},"end":{"line":52,"column":47}},"29":{"start":{"line":54,"column":4},"end":{"line":54,"column":14}},"30":{"start":{"line":46,"column":0},"end":{"line":46,"column":7}}},"fnMap":{"0":{"name":"networksList","decl":{"start":{"line":6,"column":22},"end":{"line":6,"column":34}},"loc":{"start":{"line":6,"column":95},"end":{"line":15,"column":1}}},"1":{"name":"networksLocate","decl":{"start":{"line":17,"column":22},"end":{"line":17,"column":36}},"loc":{"start":{"line":17,"column":97},"end":{"line":27,"column":1}}},"2":{"name":"networksStore","decl":{"start":{"line":29,"column":22},"end":{"line":29,"column":35}},"loc":{"start":{"line":29,"column":76},"end":{"line":44,"column":1}}},"3":{"name":"networksDelete","decl":{"start":{"line":46,"column":22},"end":{"line":46,"column":36}},"loc":{"start":{"line":46,"column":97},"end":{"line":56,"column":1}}}},"branchMap":{"0":{"loc":{"start":{"line":39,"column":4},"end":{"line":41,"column":null}},"type":"if","locations":[{"start":{"line":39,"column":4},"end":{"line":41,"column":null}}]}},"s":{"0":7,"1":7,"2":3,"3":3,"4":3,"5":1,"6":2,"7":7,"8":1,"9":1,"10":1,"11":1,"12":0,"13":1,"14":7,"15":2,"16":2,"17":2,"18":2,"19":1,"20":1,"21":0,"22":1,"23":7,"24":1,"25":1,"26":1,"27":1,"28":0,"29":1,"30":7},"f":{"0":3,"1":1,"2":2,"3":1},"b":{"0":[0]}}
,"C:\\Users\\marmo\\Desktop\\driven\\Modulo5\\projeto-drivenpass\\src\\controllers\\users-controller.ts": {"path":"C:\\Users\\marmo\\Desktop\\driven\\Modulo5\\projeto-drivenpass\\src\\controllers\\users-controller.ts","statementMap":{"0":{"start":{"line":2,"column":0},"end":{"line":2,"column":37}},"1":{"start":{"line":3,"column":0},"end":{"line":3,"column":51}},"2":{"start":{"line":6,"column":30},"end":{"line":6,"column":38}},"3":{"start":{"line":8,"column":2},"end":{"line":19,"column":null}},"4":{"start":{"line":9,"column":17},"end":{"line":9,"column":66}},"5":{"start":{"line":10,"column":4},"end":{"line":13,"column":7}},"6":{"start":{"line":15,"column":4},"end":{"line":17,"column":null}},"7":{"start":{"line":16,"column":6},"end":{"line":16,"column":57}},"8":{"start":{"line":18,"column":4},"end":{"line":18,"column":58}},"9":{"start":{"line":5,"column":0},"end":{"line":5,"column":7}}},"fnMap":{"0":{"name":"usersPost","decl":{"start":{"line":5,"column":22},"end":{"line":5,"column":31}},"loc":{"start":{"line":5,"column":59},"end":{"line":20,"column":1}}}},"branchMap":{"0":{"loc":{"start":{"line":15,"column":4},"end":{"line":17,"column":null}},"type":"if","locations":[{"start":{"line":15,"column":4},"end":{"line":17,"column":null}}]}},"s":{"0":7,"1":7,"2":4,"3":4,"4":4,"5":3,"6":1,"7":1,"8":0,"9":7},"f":{"0":4},"b":{"0":[1]}}
,"C:\\Users\\marmo\\Desktop\\driven\\Modulo5\\projeto-drivenpass\\src\\errors\\conflict-error.ts": {"path":"C:\\Users\\marmo\\Desktop\\driven\\Modulo5\\projeto-drivenpass\\src\\errors\\conflict-error.ts","statementMap":{"0":{"start":{"line":4,"column":2},"end":{"line":7,"column":4}},"1":{"start":{"line":3,"column":0},"end":{"line":3,"column":16}}},"fnMap":{"0":{"name":"conflictError","decl":{"start":{"line":3,"column":16},"end":{"line":3,"column":29}},"loc":{"start":{"line":3,"column":45},"end":{"line":8,"column":1}}}},"branchMap":{},"s":{"0":0,"1":7},"f":{"0":0},"b":{}}
,"C:\\Users\\marmo\\Desktop\\driven\\Modulo5\\projeto-drivenpass\\src\\errors\\credential-name-error.ts": {"path":"C:\\Users\\marmo\\Desktop\\driven\\Modulo5\\projeto-drivenpass\\src\\errors\\credential-name-error.ts","statementMap":{"0":{"start":{"line":4,"column":2},"end":{"line":7,"column":4}},"1":{"start":{"line":3,"column":0},"end":{"line":3,"column":16}}},"fnMap":{"0":{"name":"CredentialNameError","decl":{"start":{"line":3,"column":16},"end":{"line":3,"column":35}},"loc":{"start":{"line":3,"column":35},"end":{"line":8,"column":1}}}},"branchMap":{},"s":{"0":1,"1":7},"f":{"0":1},"b":{}}
,"C:\\Users\\marmo\\Desktop\\driven\\Modulo5\\projeto-drivenpass\\src\\errors\\forbidden-error.ts": {"path":"C:\\Users\\marmo\\Desktop\\driven\\Modulo5\\projeto-drivenpass\\src\\errors\\forbidden-error.ts","statementMap":{"0":{"start":{"line":4,"column":4},"end":{"line":7,"column":8}},"1":{"start":{"line":3,"column":0},"end":{"line":3,"column":16}}},"fnMap":{"0":{"name":"forbiddenError","decl":{"start":{"line":3,"column":16},"end":{"line":3,"column":30}},"loc":{"start":{"line":3,"column":30},"end":{"line":9,"column":1}}}},"branchMap":{},"s":{"0":0,"1":7},"f":{"0":0},"b":{}}
,"C:\\Users\\marmo\\Desktop\\driven\\Modulo5\\projeto-drivenpass\\src\\errors\\index.ts": {"path":"C:\\Users\\marmo\\Desktop\\driven\\Modulo5\\projeto-drivenpass\\src\\errors\\index.ts","statementMap":{"0":{"start":{"line":1,"column":0},"end":{"line":1,"column":33}},"1":{"start":{"line":2,"column":0},"end":{"line":2,"column":37}},"2":{"start":{"line":3,"column":0},"end":{"line":3,"column":38}},"3":{"start":{"line":4,"column":0},"end":{"line":4,"column":34}},"4":{"start":{"line":5,"column":0},"end":{"line":5,"column":37}},"5":{"start":{"line":6,"column":0},"end":{"line":6,"column":32}},"6":{"start":{"line":7,"column":0},"end":{"line":7,"column":34}},"7":{"start":{"line":8,"column":0},"end":{"line":8,"column":40}}},"fnMap":{},"branchMap":{},"s":{"0":7,"1":7,"2":7,"3":7,"4":7,"5":7,"6":7,"7":7},"f":{},"b":{}}
,"C:\\Users\\marmo\\Desktop\\driven\\Modulo5\\projeto-drivenpass\\src\\errors\\invalid-data-error.ts": {"path":"C:\\Users\\marmo\\Desktop\\driven\\Modulo5\\projeto-drivenpass\\src\\errors\\invalid-data-error.ts","statementMap":{"0":{"start":{"line":4,"column":2},"end":{"line":8,"column":4}},"1":{"start":{"line":3,"column":0},"end":{"line":3,"column":16}}},"fnMap":{"0":{"name":"invalidDataError","decl":{"start":{"line":3,"column":16},"end":{"line":3,"column":32}},"loc":{"start":{"line":3,"column":50},"end":{"line":9,"column":1}}}},"branchMap":{},"s":{"0":4,"1":7},"f":{"0":4},"b":{}}
,"C:\\Users\\marmo\\Desktop\\driven\\Modulo5\\projeto-drivenpass\\src\\errors\\invalid-email-error.ts": {"path":"C:\\Users\\marmo\\Desktop\\driven\\Modulo5\\projeto-drivenpass\\src\\errors\\invalid-email-error.ts","statementMap":{"0":{"start":{"line":4,"column":2},"end":{"line":8,"column":4}},"1":{"start":{"line":3,"column":0},"end":{"line":3,"column":16}}},"fnMap":{"0":{"name":"invalidEmailError","decl":{"start":{"line":3,"column":16},"end":{"line":3,"column":33}},"loc":{"start":{"line":3,"column":47},"end":{"line":9,"column":1}}}},"branchMap":{},"s":{"0":0,"1":7},"f":{"0":0},"b":{}}
,"C:\\Users\\marmo\\Desktop\\driven\\Modulo5\\projeto-drivenpass\\src\\errors\\not-found-error.ts": {"path":"C:\\Users\\marmo\\Desktop\\driven\\Modulo5\\projeto-drivenpass\\src\\errors\\not-found-error.ts","statementMap":{"0":{"start":{"line":4,"column":2},"end":{"line":7,"column":4}},"1":{"start":{"line":3,"column":0},"end":{"line":3,"column":16}}},"fnMap":{"0":{"name":"notFoundError","decl":{"start":{"line":3,"column":16},"end":{"line":3,"column":29}},"loc":{"start":{"line":3,"column":29},"end":{"line":8,"column":1}}}},"branchMap":{},"s":{"0":8,"1":7},"f":{"0":8},"b":{}}
,"C:\\Users\\marmo\\Desktop\\driven\\Modulo5\\projeto-drivenpass\\src\\errors\\request-error.ts": {"path":"C:\\Users\\marmo\\Desktop\\driven\\Modulo5\\projeto-drivenpass\\src\\errors\\request-error.ts","statementMap":{"0":{"start":{"line":4,"column":2},"end":{"line":10,"column":4}},"1":{"start":{"line":3,"column":0},"end":{"line":3,"column":16}}},"fnMap":{"0":{"name":"requestError","decl":{"start":{"line":3,"column":16},"end":{"line":3,"column":28}},"loc":{"start":{"line":3,"column":63},"end":{"line":11,"column":1}}}},"branchMap":{},"s":{"0":0,"1":7},"f":{"0":0},"b":{}}
,"C:\\Users\\marmo\\Desktop\\driven\\Modulo5\\projeto-drivenpass\\src\\errors\\unauthorized-error.ts": {"path":"C:\\Users\\marmo\\Desktop\\driven\\Modulo5\\projeto-drivenpass\\src\\errors\\unauthorized-error.ts","statementMap":{"0":{"start":{"line":4,"column":2},"end":{"line":7,"column":4}},"1":{"start":{"line":3,"column":0},"end":{"line":3,"column":16}}},"fnMap":{"0":{"name":"unauthorizedError","decl":{"start":{"line":3,"column":16},"end":{"line":3,"column":33}},"loc":{"start":{"line":3,"column":33},"end":{"line":8,"column":1}}}},"branchMap":{},"s":{"0":24,"1":7},"f":{"0":24},"b":{}}
,"C:\\Users\\marmo\\Desktop\\driven\\Modulo5\\projeto-drivenpass\\src\\middlewares\\authentication-middleware.ts": {"path":"C:\\Users\\marmo\\Desktop\\driven\\Modulo5\\projeto-drivenpass\\src\\middlewares\\authentication-middleware.ts","statementMap":{"0":{"start":{"line":2,"column":0},"end":{"line":2,"column":37}},"1":{"start":{"line":3,"column":0},"end":{"line":3,"column":36}},"2":{"start":{"line":5,"column":0},"end":{"line":5,"column":45}},"3":{"start":{"line":6,"column":0},"end":{"line":6,"column":34}},"4":{"start":{"line":9,"column":21},"end":{"line":9,"column":48}},"5":{"start":{"line":10,"column":2},"end":{"line":10,"column":60}},"6":{"start":{"line":10,"column":19},"end":{"line":10,"column":60}},"7":{"start":{"line":12,"column":16},"end":{"line":12,"column":40}},"8":{"start":{"line":13,"column":2},"end":{"line":13,"column":55}},"9":{"start":{"line":13,"column":14},"end":{"line":13,"column":55}},"10":{"start":{"line":15,"column":2},"end":{"line":30,"column":null}},"11":{"start":{"line":16,"column":23},"end":{"line":16,"column":78}},"12":{"start":{"line":18,"column":20},"end":{"line":22,"column":6}},"13":{"start":{"line":23,"column":4},"end":{"line":23,"column":59}},"14":{"start":{"line":23,"column":18},"end":{"line":23,"column":59}},"15":{"start":{"line":25,"column":4},"end":{"line":25,"column":24}},"16":{"start":{"line":27,"column":4},"end":{"line":27,"column":18}},"17":{"start":{"line":29,"column":4},"end":{"line":29,"column":45}},"18":{"start":{"line":8,"column":0},"end":{"line":8,"column":7}},"19":{"start":{"line":34,"column":2},"end":{"line":34,"column":64}}},"fnMap":{"0":{"name":"authenticateToken","decl":{"start":{"line":8,"column":22},"end":{"line":8,"column":39}},"loc":{"start":{"line":8,"column":100},"end":{"line":31,"column":1}}},"1":{"name":"generateUnauthorizedResponse","decl":{"start":{"line":33,"column":9},"end":{"line":33,"column":37}},"loc":{"start":{"line":33,"column":51},"end":{"line":35,"column":1}}}},"branchMap":{"0":{"loc":{"start":{"line":10,"column":2},"end":{"line":10,"column":60}},"type":"if","locations":[{"start":{"line":10,"column":2},"end":{"line":10,"column":60}}]},"1":{"loc":{"start":{"line":13,"column":2},"end":{"line":13,"column":55}},"type":"if","locations":[{"start":{"line":13,"column":2},"end":{"line":13,"column":55}}]},"2":{"loc":{"start":{"line":23,"column":4},"end":{"line":23,"column":59}},"type":"if","locations":[{"start":{"line":23,"column":4},"end":{"line":23,"column":59}}]}},"s":{"0":7,"1":7,"2":7,"3":7,"4":40,"5":40,"6":8,"7":32,"8":32,"9":0,"10":32,"11":32,"12":24,"13":24,"14":8,"15":16,"16":16,"17":8,"18":7,"19":24},"f":{"0":40,"1":24},"b":{"0":[8],"1":[0],"2":[8]}}
,"C:\\Users\\marmo\\Desktop\\driven\\Modulo5\\projeto-drivenpass\\src\\middlewares\\error-handling-middleware.ts": {"path":"C:\\Users\\marmo\\Desktop\\driven\\Modulo5\\projeto-drivenpass\\src\\middlewares\\error-handling-middleware.ts","statementMap":{"0":{"start":{"line":2,"column":0},"end":{"line":2,"column":37}},"1":{"start":{"line":11,"column":2},"end":{"line":15,"column":null}},"2":{"start":{"line":12,"column":4},"end":{"line":14,"column":7}},"3":{"start":{"line":17,"column":2},"end":{"line":21,"column":null}},"4":{"start":{"line":18,"column":4},"end":{"line":20,"column":7}},"5":{"start":{"line":23,"column":2},"end":{"line":27,"column":null}},"6":{"start":{"line":24,"column":4},"end":{"line":26,"column":7}},"7":{"start":{"line":29,"column":2},"end":{"line":33,"column":null}},"8":{"start":{"line":30,"column":4},"end":{"line":32,"column":7}},"9":{"start":{"line":35,"column":2},"end":{"line":39,"column":null}},"10":{"start":{"line":36,"column":4},"end":{"line":38,"column":7}},"11":{"start":{"line":41,"column":2},"end":{"line":45,"column":null}},"12":{"start":{"line":42,"column":4},"end":{"line":44,"column":7}},"13":{"start":{"line":48,"column":2},"end":{"line":48,"column":26}},"14":{"start":{"line":49,"column":2},"end":{"line":52,"column":5}},"15":{"start":{"line":5,"column":0},"end":{"line":5,"column":16}}},"fnMap":{"0":{"name":"handleApplicationErrors","decl":{"start":{"line":5,"column":16},"end":{"line":5,"column":39}},"loc":{"start":{"line":9,"column":21},"end":{"line":53,"column":1}}}},"branchMap":{"0":{"loc":{"start":{"line":11,"column":2},"end":{"line":15,"column":null}},"type":"if","locations":[{"start":{"line":11,"column":2},"end":{"line":15,"column":null}}]},"1":{"loc":{"start":{"line":17,"column":2},"end":{"line":21,"column":null}},"type":"if","locations":[{"start":{"line":17,"column":2},"end":{"line":21,"column":null}}]},"2":{"loc":{"start":{"line":17,"column":6},"end":{"line":17,"column":73}},"type":"binary-expr","locations":[{"start":{"line":17,"column":6},"end":{"line":17,"column":34}},{"start":{"line":17,"column":38},"end":{"line":17,"column":73}}]},"3":{"loc":{"start":{"line":23,"column":2},"end":{"line":27,"column":null}},"type":"if","locations":[{"start":{"line":23,"column":2},"end":{"line":27,"column":null}}]},"4":{"loc":{"start":{"line":29,"column":2},"end":{"line":33,"column":null}},"type":"if","locations":[{"start":{"line":29,"column":2},"end":{"line":33,"column":null}}]},"5":{"loc":{"start":{"line":35,"column":2},"end":{"line":39,"column":null}},"type":"if","locations":[{"start":{"line":35,"column":2},"end":{"line":39,"column":null}}]},"6":{"loc":{"start":{"line":41,"column":2},"end":{"line":45,"column":null}},"type":"if","locations":[{"start":{"line":41,"column":2},"end":{"line":45,"column":null}}]}},"s":{"0":7,"1":9,"2":0,"3":9,"4":0,"5":9,"6":0,"7":9,"8":0,"9":9,"10":8,"11":1,"12":0,"13":1,"14":1,"15":7},"f":{"0":9},"b":{"0":[0],"1":[0],"2":[9,9],"3":[0],"4":[0],"5":[8],"6":[0]}}
,"C:\\Users\\marmo\\Desktop\\driven\\Modulo5\\projeto-drivenpass\\src\\middlewares\\index.ts": {"path":"C:\\Users\\marmo\\Desktop\\driven\\Modulo5\\projeto-drivenpass\\src\\middlewares\\index.ts","statementMap":{"0":{"start":{"line":1,"column":0},"end":{"line":1,"column":44}},"1":{"start":{"line":2,"column":0},"end":{"line":2,"column":40}},"2":{"start":{"line":3,"column":0},"end":{"line":3,"column":44}}},"fnMap":{},"branchMap":{},"s":{"0":7,"1":7,"2":7},"f":{},"b":{}}
,"C:\\Users\\marmo\\Desktop\\driven\\Modulo5\\projeto-drivenpass\\src\\middlewares\\validation-middleware.ts": {"path":"C:\\Users\\marmo\\Desktop\\driven\\Modulo5\\projeto-drivenpass\\src\\middlewares\\validation-middleware.ts","statementMap":{"0":{"start":{"line":2,"column":0},"end":{"line":2,"column":37}},"1":{"start":{"line":4,"column":0},"end":{"line":4,"column":44}},"2":{"start":{"line":7,"column":2},"end":{"line":7,"column":34}},"3":{"start":{"line":6,"column":0},"end":{"line":6,"column":16}},"4":{"start":{"line":11,"column":2},"end":{"line":11,"column":36}},"5":{"start":{"line":10,"column":0},"end":{"line":10,"column":16}},"6":{"start":{"line":15,"column":2},"end":{"line":25,"column":4}},"7":{"start":{"line":16,"column":22},"end":{"line":18,"column":6}},"8":{"start":{"line":20,"column":4},"end":{"line":24,"column":null}},"9":{"start":{"line":21,"column":6},"end":{"line":21,"column":13}},"10":{"start":{"line":23,"column":6},"end":{"line":23,"column":101}},"11":{"start":{"line":23,"column":88},"end":{"line":23,"column":97}}},"fnMap":{"0":{"name":"validateBody","decl":{"start":{"line":6,"column":16},"end":{"line":6,"column":28}},"loc":{"start":{"line":6,"column":55},"end":{"line":8,"column":1}}},"1":{"name":"validateParams","decl":{"start":{"line":10,"column":16},"end":{"line":10,"column":30}},"loc":{"start":{"line":10,"column":57},"end":{"line":12,"column":1}}},"2":{"name":"validate","decl":{"start":{"line":14,"column":9},"end":{"line":14,"column":17}},"loc":{"start":{"line":14,"column":63},"end":{"line":26,"column":1}}},"3":{"name":"(anonymous_4)","decl":{"start":{"line":15,"column":9},"end":{"line":15,"column":10}},"loc":{"start":{"line":15,"column":61},"end":{"line":25,"column":3}}},"4":{"name":"(anonymous_5)","decl":{"start":{"line":23,"column":81},"end":{"line":23,"column":82}},"loc":{"start":{"line":23,"column":88},"end":{"line":23,"column":97}}}},"branchMap":{"0":{"loc":{"start":{"line":20,"column":4},"end":{"line":24,"column":null}},"type":"if","locations":[{"start":{"line":20,"column":4},"end":{"line":24,"column":null}},{"start":{"line":22,"column":11},"end":{"line":24,"column":null}}]}},"s":{"0":7,"1":7,"2":28,"3":7,"4":0,"5":7,"6":28,"7":17,"8":17,"9":13,"10":4,"11":10},"f":{"0":28,"1":0,"2":28,"3":17,"4":10},"b":{"0":[13,4]}}
,"C:\\Users\\marmo\\Desktop\\driven\\Modulo5\\projeto-drivenpass\\src\\repositories\\credential-repository\\index.ts": {"path":"C:\\Users\\marmo\\Desktop\\driven\\Modulo5\\projeto-drivenpass\\src\\repositories\\credential-repository\\index.ts","statementMap":{"0":{"start":{"line":2,"column":0},"end":{"line":2,"column":34}},"1":{"start":{"line":5,"column":2},"end":{"line":7,"column":5}},"2":{"start":{"line":11,"column":4},"end":{"line":15,"column":7}},"3":{"start":{"line":19,"column":2},"end":{"line":23,"column":5}},"4":{"start":{"line":27,"column":52},"end":{"line":31,"column":6}},"5":{"start":{"line":33,"column":4},"end":{"line":35,"column":null}},"6":{"start":{"line":34,"column":6},"end":{"line":34,"column":29}},"7":{"start":{"line":37,"column":4},"end":{"line":37,"column":48}},"8":{"start":{"line":41,"column":4},"end":{"line":46,"column":7}},"9":{"start":{"line":50,"column":29},"end":{"line":56,"column":2}},"10":{"start":{"line":58,"column":0},"end":{"line":58,"column":36}}},"fnMap":{"0":{"name":"createCredential","decl":{"start":{"line":4,"column":15},"end":{"line":4,"column":31}},"loc":{"start":{"line":4,"column":75},"end":{"line":8,"column":1}}},"1":{"name":"listCredential","decl":{"start":{"line":10,"column":15},"end":{"line":10,"column":29}},"loc":{"start":{"line":10,"column":44},"end":{"line":16,"column":3}}},"2":{"name":"deleteCredential","decl":{"start":{"line":18,"column":15},"end":{"line":18,"column":31}},"loc":{"start":{"line":18,"column":52},"end":{"line":24,"column":1}}},"3":{"name":"findById","decl":{"start":{"line":26,"column":15},"end":{"line":26,"column":23}},"loc":{"start":{"line":26,"column":62},"end":{"line":38,"column":3}}},"4":{"name":"findByTitle","decl":{"start":{"line":40,"column":17},"end":{"line":40,"column":28}},"loc":{"start":{"line":40,"column":58},"end":{"line":47,"column":3}}}},"branchMap":{"0":{"loc":{"start":{"line":33,"column":4},"end":{"line":35,"column":null}},"type":"if","locations":[{"start":{"line":33,"column":4},"end":{"line":35,"column":null}}]}},"s":{"0":7,"1":1,"2":4,"3":1,"4":4,"5":4,"6":0,"7":4,"8":1,"9":7,"10":7},"f":{"0":1,"1":4,"2":1,"3":4,"4":1},"b":{"0":[0]}}
,"C:\\Users\\marmo\\Desktop\\driven\\Modulo5\\projeto-drivenpass\\src\\repositories\\network-repository\\index.ts": {"path":"C:\\Users\\marmo\\Desktop\\driven\\Modulo5\\projeto-drivenpass\\src\\repositories\\network-repository\\index.ts","statementMap":{"0":{"start":{"line":2,"column":0},"end":{"line":2,"column":34}},"1":{"start":{"line":6,"column":4},"end":{"line":8,"column":7}},"2":{"start":{"line":13,"column":47},"end":{"line":17,"column":4}},"3":{"start":{"line":19,"column":2},"end":{"line":21,"column":null}},"4":{"start":{"line":20,"column":4},"end":{"line":20,"column":27}},"5":{"start":{"line":23,"column":2},"end":{"line":23,"column":43}},"6":{"start":{"line":27,"column":2},"end":{"line":32,"column":5}},"7":{"start":{"line":36,"column":2},"end":{"line":40,"column":5}},"8":{"start":{"line":45,"column":2},"end":{"line":49,"column":5}},"9":{"start":{"line":52,"column":26},"end":{"line":58,"column":2}},"10":{"start":{"line":60,"column":0},"end":{"line":60,"column":33}}},"fnMap":{"0":{"name":"createNetwork","decl":{"start":{"line":5,"column":15},"end":{"line":5,"column":28}},"loc":{"start":{"line":5,"column":69},"end":{"line":9,"column":3}}},"1":{"name":"findById","decl":{"start":{"line":12,"column":15},"end":{"line":12,"column":23}},"loc":{"start":{"line":12,"column":62},"end":{"line":24,"column":1}}},"2":{"name":"findByTitle","decl":{"start":{"line":26,"column":15},"end":{"line":26,"column":26}},"loc":{"start":{"line":26,"column":56},"end":{"line":33,"column":1}}},"3":{"name":"listNetwork","decl":{"start":{"line":35,"column":15},"end":{"line":35,"column":26}},"loc":{"start":{"line":35,"column":41},"end":{"line":41,"column":1}}},"4":{"name":"deleteNetwork","decl":{"start":{"line":44,"column":15},"end":{"line":44,"column":28}},"loc":{"start":{"line":44,"column":49},"end":{"line":50,"column":1}}}},"branchMap":{"0":{"loc":{"start":{"line":19,"column":2},"end":{"line":21,"column":null}},"type":"if","locations":[{"start":{"line":19,"column":2},"end":{"line":21,"column":null}}]}},"s":{"0":7,"1":1,"2":2,"3":2,"4":0,"5":2,"6":2,"7":3,"8":0,"9":7,"10":7},"f":{"0":1,"1":2,"2":2,"3":3,"4":0},"b":{"0":[0]}}
,"C:\\Users\\marmo\\Desktop\\driven\\Modulo5\\projeto-drivenpass\\src\\repositories\\session-repository\\index.ts": {"path":"C:\\Users\\marmo\\Desktop\\driven\\Modulo5\\projeto-drivenpass\\src\\repositories\\session-repository\\index.ts","statementMap":{"0":{"start":{"line":2,"column":0},"end":{"line":2,"column":34}},"1":{"start":{"line":5,"column":2},"end":{"line":7,"column":5}},"2":{"start":{"line":10,"column":26},"end":{"line":12,"column":2}},"3":{"start":{"line":14,"column":0},"end":{"line":14,"column":33}}},"fnMap":{"0":{"name":"create","decl":{"start":{"line":4,"column":15},"end":{"line":4,"column":21}},"loc":{"start":{"line":4,"column":62},"end":{"line":8,"column":1}}}},"branchMap":{},"s":{"0":7,"1":5,"2":7,"3":7},"f":{"0":5},"b":{}}
,"C:\\Users\\marmo\\Desktop\\driven\\Modulo5\\projeto-drivenpass\\src\\repositories\\user-repository\\index.ts": {"path":"C:\\Users\\marmo\\Desktop\\driven\\Modulo5\\projeto-drivenpass\\src\\repositories\\user-repository\\index.ts","statementMap":{"0":{"start":{"line":2,"column":0},"end":{"line":2,"column":34}},"1":{"start":{"line":5,"column":44},"end":{"line":9,"column":4}},"2":{"start":{"line":11,"column":2},"end":{"line":13,"column":null}},"3":{"start":{"line":12,"column":4},"end":{"line":12,"column":27}},"4":{"start":{"line":15,"column":2},"end":{"line":15,"column":40}},"5":{"start":{"line":19,"column":2},"end":{"line":21,"column":5}},"6":{"start":{"line":24,"column":23},"end":{"line":27,"column":2}},"7":{"start":{"line":29,"column":0},"end":{"line":29,"column":30}}},"fnMap":{"0":{"name":"findByEmail","decl":{"start":{"line":4,"column":15},"end":{"line":4,"column":26}},"loc":{"start":{"line":4,"column":68},"end":{"line":16,"column":1}}},"1":{"name":"create","decl":{"start":{"line":18,"column":15},"end":{"line":18,"column":21}},"loc":{"start":{"line":18,"column":59},"end":{"line":22,"column":1}}}},"branchMap":{"0":{"loc":{"start":{"line":11,"column":2},"end":{"line":13,"column":null}},"type":"if","locations":[{"start":{"line":11,"column":2},"end":{"line":13,"column":null}}]}},"s":{"0":7,"1":17,"2":17,"3":10,"4":17,"5":5,"6":7,"7":7},"f":{"0":17,"1":5},"b":{"0":[10]}}
,"C:\\Users\\marmo\\Desktop\\driven\\Modulo5\\projeto-drivenpass\\src\\routers\\authentication-router.ts": {"path":"C:\\Users\\marmo\\Desktop\\driven\\Modulo5\\projeto-drivenpass\\src\\routers\\authentication-router.ts","statementMap":{"0":{"start":{"line":1,"column":0},"end":{"line":1,"column":33}},"1":{"start":{"line":2,"column":0},"end":{"line":2,"column":43}},"2":{"start":{"line":3,"column":0},"end":{"line":3,"column":45}},"3":{"start":{"line":4,"column":0},"end":{"line":4,"column":41}},"4":{"start":{"line":6,"column":29},"end":{"line":6,"column":37}},"5":{"start":{"line":10,"column":9},"end":{"line":10,"column":29}},"6":{"start":{"line":8,"column":0},"end":{"line":8,"column":78}}},"fnMap":{},"branchMap":{},"s":{"0":7,"1":7,"2":7,"3":7,"4":7,"5":7,"6":7},"f":{},"b":{}}
,"C:\\Users\\marmo\\Desktop\\driven\\Modulo5\\projeto-drivenpass\\src\\routers\\credential-router.ts": {"path":"C:\\Users\\marmo\\Desktop\\driven\\Modulo5\\projeto-drivenpass\\src\\routers\\credential-router.ts","statementMap":{"0":{"start":{"line":1,"column":0},"end":{"line":1,"column":33}},"1":{"start":{"line":2,"column":0},"end":{"line":2,"column":48}},"2":{"start":{"line":3,"column":0},"end":{"line":3,"column":64}},"3":{"start":{"line":4,"column":0},"end":{"line":4,"column":104}},"4":{"start":{"line":6,"column":25},"end":{"line":6,"column":33}},"5":{"start":{"line":15,"column":9},"end":{"line":15,"column":25}},"6":{"start":{"line":8,"column":0},"end":{"line":13,"column":49}}},"fnMap":{},"branchMap":{},"s":{"0":7,"1":7,"2":7,"3":7,"4":7,"5":7,"6":7},"f":{},"b":{}}
,"C:\\Users\\marmo\\Desktop\\driven\\Modulo5\\projeto-drivenpass\\src\\routers\\index.ts": {"path":"C:\\Users\\marmo\\Desktop\\driven\\Modulo5\\projeto-drivenpass\\src\\routers\\index.ts","statementMap":{"0":{"start":{"line":1,"column":0},"end":{"line":1,"column":36}},"1":{"start":{"line":2,"column":0},"end":{"line":2,"column":40}},"2":{"start":{"line":3,"column":0},"end":{"line":3,"column":33}},"3":{"start":{"line":4,"column":0},"end":{"line":4,"column":31}}},"fnMap":{},"branchMap":{},"s":{"0":7,"1":7,"2":7,"3":7},"f":{},"b":{}}
,"C:\\Users\\marmo\\Desktop\\driven\\Modulo5\\projeto-drivenpass\\src\\routers\\network-router.ts": {"path":"C:\\Users\\marmo\\Desktop\\driven\\Modulo5\\projeto-drivenpass\\src\\routers\\network-router.ts","statementMap":{"0":{"start":{"line":1,"column":0},"end":{"line":1,"column":33}},"1":{"start":{"line":2,"column":0},"end":{"line":2,"column":45}},"2":{"start":{"line":3,"column":0},"end":{"line":3,"column":45}},"3":{"start":{"line":4,"column":0},"end":{"line":4,"column":92}},"4":{"start":{"line":5,"column":0},"end":{"line":5,"column":50}},"5":{"start":{"line":7,"column":22},"end":{"line":7,"column":30}},"6":{"start":{"line":16,"column":9},"end":{"line":16,"column":22}},"7":{"start":{"line":9,"column":0},"end":{"line":14,"column":null}}},"fnMap":{},"branchMap":{},"s":{"0":7,"1":7,"2":7,"3":7,"4":7,"5":7,"6":7,"7":7},"f":{},"b":{}}
,"C:\\Users\\marmo\\Desktop\\driven\\Modulo5\\projeto-drivenpass\\src\\routers\\users-router.ts": {"path":"C:\\Users\\marmo\\Desktop\\driven\\Modulo5\\projeto-drivenpass\\src\\routers\\users-router.ts","statementMap":{"0":{"start":{"line":1,"column":0},"end":{"line":1,"column":33}},"1":{"start":{"line":2,"column":0},"end":{"line":2,"column":45}},"2":{"start":{"line":3,"column":0},"end":{"line":3,"column":45}},"3":{"start":{"line":4,"column":0},"end":{"line":4,"column":42}},"4":{"start":{"line":6,"column":20},"end":{"line":6,"column":28}},"5":{"start":{"line":10,"column":9},"end":{"line":10,"column":20}},"6":{"start":{"line":8,"column":0},"end":{"line":8,"column":65}}},"fnMap":{},"branchMap":{},"s":{"0":7,"1":7,"2":7,"3":7,"4":7,"5":7,"6":7},"f":{},"b":{}}
,"C:\\Users\\marmo\\Desktop\\driven\\Modulo5\\projeto-drivenpass\\src\\schemas\\authentication-schemas.ts": {"path":"C:\\Users\\marmo\\Desktop\\driven\\Modulo5\\projeto-drivenpass\\src\\schemas\\authentication-schemas.ts","statementMap":{"0":{"start":{"line":1,"column":0},"end":{"line":1,"column":22}},"1":{"start":{"line":4,"column":13},"end":{"line":7,"column":3}}},"fnMap":{},"branchMap":{},"s":{"0":9,"1":9},"f":{},"b":{}}
,"C:\\Users\\marmo\\Desktop\\driven\\Modulo5\\projeto-drivenpass\\src\\schemas\\credential-schemas.ts": {"path":"C:\\Users\\marmo\\Desktop\\driven\\Modulo5\\projeto-drivenpass\\src\\schemas\\credential-schemas.ts","statementMap":{"0":{"start":{"line":1,"column":0},"end":{"line":1,"column":22}},"1":{"start":{"line":4,"column":13},"end":{"line":9,"column":null}}},"fnMap":{},"branchMap":{},"s":{"0":9,"1":9},"f":{},"b":{}}
,"C:\\Users\\marmo\\Desktop\\driven\\Modulo5\\projeto-drivenpass\\src\\schemas\\index.ts": {"path":"C:\\Users\\marmo\\Desktop\\driven\\Modulo5\\projeto-drivenpass\\src\\schemas\\index.ts","statementMap":{"0":{"start":{"line":1,"column":0},"end":{"line":1,"column":41}},"1":{"start":{"line":2,"column":0},"end":{"line":2,"column":37}},"2":{"start":{"line":3,"column":0},"end":{"line":3,"column":34}},"3":{"start":{"line":4,"column":0},"end":{"line":4,"column":31}}},"fnMap":{},"branchMap":{},"s":{"0":9,"1":9,"2":9,"3":9},"f":{},"b":{}}
,"C:\\Users\\marmo\\Desktop\\driven\\Modulo5\\projeto-drivenpass\\src\\schemas\\network-schemas.ts": {"path":"C:\\Users\\marmo\\Desktop\\driven\\Modulo5\\projeto-drivenpass\\src\\schemas\\network-schemas.ts","statementMap":{"0":{"start":{"line":1,"column":0},"end":{"line":1,"column":22}},"1":{"start":{"line":4,"column":13},"end":{"line":8,"column":null}}},"fnMap":{},"branchMap":{},"s":{"0":9,"1":9},"f":{},"b":{}}
,"C:\\Users\\marmo\\Desktop\\driven\\Modulo5\\projeto-drivenpass\\src\\schemas\\user-schemas.ts": {"path":"C:\\Users\\marmo\\Desktop\\driven\\Modulo5\\projeto-drivenpass\\src\\schemas\\user-schemas.ts","statementMap":{"0":{"start":{"line":1,"column":0},"end":{"line":1,"column":22}},"1":{"start":{"line":4,"column":13},"end":{"line":7,"column":3}}},"fnMap":{},"branchMap":{},"s":{"0":9,"1":9},"f":{},"b":{}}
,"C:\\Users\\marmo\\Desktop\\driven\\Modulo5\\projeto-drivenpass\\src\\services\\index.ts": {"path":"C:\\Users\\marmo\\Desktop\\driven\\Modulo5\\projeto-drivenpass\\src\\services\\index.ts","statementMap":{"0":{"start":{"line":1,"column":0},"end":{"line":1,"column":32}},"1":{"start":{"line":2,"column":0},"end":{"line":2,"column":41}},"2":{"start":{"line":3,"column":0},"end":{"line":3,"column":38}},"3":{"start":{"line":4,"column":0},"end":{"line":4,"column":35}}},"fnMap":{},"branchMap":{},"s":{"0":0,"1":0,"2":0,"3":0},"f":{},"b":{}}
,"C:\\Users\\marmo\\Desktop\\driven\\Modulo5\\projeto-drivenpass\\src\\services\\authentication-service\\errors.ts": {"path":"C:\\Users\\marmo\\Desktop\\driven\\Modulo5\\projeto-drivenpass\\src\\services\\authentication-service\\errors.ts","statementMap":{"0":{"start":{"line":4,"column":2},"end":{"line":7,"column":4}},"1":{"start":{"line":3,"column":0},"end":{"line":3,"column":16}}},"fnMap":{"0":{"name":"invalidCredentialsError","decl":{"start":{"line":3,"column":16},"end":{"line":3,"column":39}},"loc":{"start":{"line":3,"column":39},"end":{"line":8,"column":1}}}},"branchMap":{},"s":{"0":7,"1":7},"f":{"0":7},"b":{}}
,"C:\\Users\\marmo\\Desktop\\driven\\Modulo5\\projeto-drivenpass\\src\\services\\authentication-service\\index.ts": {"path":"C:\\Users\\marmo\\Desktop\\driven\\Modulo5\\projeto-drivenpass\\src\\services\\authentication-service\\index.ts","statementMap":{"0":{"start":{"line":2,"column":0},"end":{"line":2,"column":28}},"1":{"start":{"line":3,"column":0},"end":{"line":3,"column":31}},"2":{"start":{"line":4,"column":0},"end":{"line":4,"column":51}},"3":{"start":{"line":5,"column":0},"end":{"line":5,"column":47}},"4":{"start":{"line":6,"column":0},"end":{"line":6,"column":60}},"5":{"start":{"line":7,"column":0},"end":{"line":7,"column":66}},"6":{"start":{"line":10,"column":30},"end":{"line":10,"column":36}},"7":{"start":{"line":12,"column":15},"end":{"line":12,"column":41}},"8":{"start":{"line":14,"column":2},"end":{"line":14,"column":56}},"9":{"start":{"line":16,"column":16},"end":{"line":16,"column":44}},"10":{"start":{"line":18,"column":2},"end":{"line":21,"column":4}},"11":{"start":{"line":25,"column":15},"end":{"line":25,"column":97}},"12":{"start":{"line":26,"column":2},"end":{"line":26,"column":45}},"13":{"start":{"line":26,"column":13},"end":{"line":26,"column":45}},"14":{"start":{"line":28,"column":2},"end":{"line":28,"column":14}},"15":{"start":{"line":32,"column":16},"end":{"line":32,"column":60}},"16":{"start":{"line":33,"column":2},"end":{"line":36,"column":5}},"17":{"start":{"line":38,"column":2},"end":{"line":38,"column":15}},"18":{"start":{"line":42,"column":26},"end":{"line":42,"column":70}},"19":{"start":{"line":43,"column":2},"end":{"line":43,"column":56}},"20":{"start":{"line":43,"column":24},"end":{"line":43,"column":56}},"21":{"start":{"line":55,"column":30},"end":{"line":57,"column":2}},"22":{"start":{"line":59,"column":0},"end":{"line":59,"column":37}},"23":{"start":{"line":60,"column":0},"end":{"line":60,"column":25}}},"fnMap":{"0":{"name":"signIn","decl":{"start":{"line":9,"column":15},"end":{"line":9,"column":21}},"loc":{"start":{"line":9,"column":42},"end":{"line":22,"column":1}}},"1":{"name":"getUserOrFail","decl":{"start":{"line":24,"column":15},"end":{"line":24,"column":28}},"loc":{"start":{"line":24,"column":42},"end":{"line":29,"column":1}}},"2":{"name":"createSession","decl":{"start":{"line":31,"column":15},"end":{"line":31,"column":28}},"loc":{"start":{"line":31,"column":43},"end":{"line":39,"column":1}}},"3":{"name":"validatePasswordOrFail","decl":{"start":{"line":41,"column":15},"end":{"line":41,"column":37}},"loc":{"start":{"line":41,"column":76},"end":{"line":44,"column":1}}}},"branchMap":{"0":{"loc":{"start":{"line":26,"column":2},"end":{"line":26,"column":45}},"type":"if","locations":[{"start":{"line":26,"column":2},"end":{"line":26,"column":45}}]},"1":{"loc":{"start":{"line":43,"column":2},"end":{"line":43,"column":56}},"type":"if","locations":[{"start":{"line":43,"column":2},"end":{"line":43,"column":56}}]}},"s":{"0":7,"1":7,"2":7,"3":7,"4":7,"5":7,"6":10,"7":10,"8":7,"9":5,"10":5,"11":10,"12":10,"13":3,"14":7,"15":5,"16":5,"17":5,"18":7,"19":7,"20":2,"21":7,"22":7,"23":7},"f":{"0":10,"1":10,"2":5,"3":7},"b":{"0":[3],"1":[2]}}
,"C:\\Users\\marmo\\Desktop\\driven\\Modulo5\\projeto-drivenpass\\src\\services\\credentials-service\\index.ts": {"path":"C:\\Users\\marmo\\Desktop\\driven\\Modulo5\\projeto-drivenpass\\src\\services\\credentials-service\\index.ts","statementMap":{"0":{"start":{"line":2,"column":0},"end":{"line":2,"column":72}},"1":{"start":{"line":3,"column":0},"end":{"line":3,"column":50}},"2":{"start":{"line":4,"column":0},"end":{"line":4,"column":64}},"3":{"start":{"line":8,"column":21},"end":{"line":8,"column":70}},"4":{"start":{"line":9,"column":2},"end":{"line":11,"column":null}},"5":{"start":{"line":10,"column":4},"end":{"line":10,"column":26}},"6":{"start":{"line":13,"column":2},"end":{"line":13,"column":64}},"7":{"start":{"line":14,"column":2},"end":{"line":14,"column":20}},"8":{"start":{"line":18,"column":24},"end":{"line":18,"column":73}},"9":{"start":{"line":19,"column":4},"end":{"line":21,"column":null}},"10":{"start":{"line":20,"column":6},"end":{"line":20,"column":28}},"11":{"start":{"line":23,"column":4},"end":{"line":23,"column":101}},"12":{"start":{"line":23,"column":37},"end":{"line":23,"column":98}},"13":{"start":{"line":24,"column":4},"end":{"line":24,"column":23}},"14":{"start":{"line":34,"column":2},"end":{"line":34,"column":44}},"15":{"start":{"line":36,"column":25},"end":{"line":36,"column":53}},"16":{"start":{"line":37,"column":2},"end":{"line":43,"column":5}},"17":{"start":{"line":27,"column":0},"end":{"line":27,"column":7}},"18":{"start":{"line":46,"column":30},"end":{"line":46,"column":83}},"19":{"start":{"line":47,"column":4},"end":{"line":49,"column":null}},"20":{"start":{"line":48,"column":6},"end":{"line":48,"column":34}},"21":{"start":{"line":53,"column":21},"end":{"line":53,"column":70}},"22":{"start":{"line":54,"column":2},"end":{"line":56,"column":null}},"23":{"start":{"line":55,"column":4},"end":{"line":55,"column":26}},"24":{"start":{"line":58,"column":2},"end":{"line":58,"column":60}},"25":{"start":{"line":65,"column":26},"end":{"line":70,"column":2}},"26":{"start":{"line":72,"column":0},"end":{"line":72,"column":33}}},"fnMap":{"0":{"name":"locateCredential","decl":{"start":{"line":7,"column":15},"end":{"line":7,"column":31}},"loc":{"start":{"line":7,"column":68},"end":{"line":15,"column":1}}},"1":{"name":"listCredential","decl":{"start":{"line":17,"column":15},"end":{"line":17,"column":29}},"loc":{"start":{"line":17,"column":44},"end":{"line":25,"column":3}}},"2":{"name":"(anonymous_3)","decl":{"start":{"line":23,"column":20},"end":{"line":23,"column":21}},"loc":{"start":{"line":23,"column":37},"end":{"line":23,"column":98}}},"3":{"name":"createCredential","decl":{"start":{"line":27,"column":22},"end":{"line":27,"column":38}},"loc":{"start":{"line":33,"column":25},"end":{"line":44,"column":1}}},"4":{"name":"CheckIfTitleIsUnique","decl":{"start":{"line":45,"column":15},"end":{"line":45,"column":35}},"loc":{"start":{"line":45,"column":65},"end":{"line":50,"column":3}}},"5":{"name":"credentialDelete","decl":{"start":{"line":52,"column":15},"end":{"line":52,"column":31}},"loc":{"start":{"line":52,"column":68},"end":{"line":59,"column":1}}}},"branchMap":{"0":{"loc":{"start":{"line":9,"column":2},"end":{"line":11,"column":null}},"type":"if","locations":[{"start":{"line":9,"column":2},"end":{"line":11,"column":null}}]},"1":{"loc":{"start":{"line":9,"column":6},"end":{"line":9,"column":49}},"type":"binary-expr","locations":[{"start":{"line":9,"column":6},"end":{"line":9,"column":17}},{"start":{"line":9,"column":21},"end":{"line":9,"column":49}}]},"2":{"loc":{"start":{"line":19,"column":4},"end":{"line":21,"column":null}},"type":"if","locations":[{"start":{"line":19,"column":4},"end":{"line":21,"column":null}}]},"3":{"loc":{"start":{"line":47,"column":4},"end":{"line":49,"column":null}},"type":"if","locations":[{"start":{"line":47,"column":4},"end":{"line":49,"column":null}}]},"4":{"loc":{"start":{"line":54,"column":2},"end":{"line":56,"column":null}},"type":"if","locations":[{"start":{"line":54,"column":2},"end":{"line":56,"column":null}}]},"5":{"loc":{"start":{"line":54,"column":6},"end":{"line":54,"column":50}},"type":"binary-expr","locations":[{"start":{"line":54,"column":6},"end":{"line":54,"column":34}},{"start":{"line":54,"column":39},"end":{"line":54,"column":50}}]}},"s":{"0":7,"1":7,"2":7,"3":1,"4":1,"5":1,"6":0,"7":0,"8":4,"9":4,"10":2,"11":2,"12":3,"13":2,"14":1,"15":1,"16":1,"17":7,"18":1,"19":1,"20":0,"21":3,"22":3,"23":1,"24":1,"25":7,"26":7},"f":{"0":1,"1":4,"2":3,"3":1,"4":1,"5":3},"b":{"0":[1],"1":[1,1],"2":[2],"3":[0],"4":[1],"5":[3,1]}}
,"C:\\Users\\marmo\\Desktop\\driven\\Modulo5\\projeto-drivenpass\\src\\services\\networks-service\\index.ts": {"path":"C:\\Users\\marmo\\Desktop\\driven\\Modulo5\\projeto-drivenpass\\src\\services\\networks-service\\index.ts","statementMap":{"0":{"start":{"line":2,"column":0},"end":{"line":2,"column":66}},"1":{"start":{"line":3,"column":0},"end":{"line":3,"column":50}},"2":{"start":{"line":4,"column":0},"end":{"line":4,"column":62}},"3":{"start":{"line":7,"column":4},"end":{"line":7,"column":46}},"4":{"start":{"line":9,"column":27},"end":{"line":9,"column":55}},"5":{"start":{"line":10,"column":4},"end":{"line":15,"column":7}},"6":{"start":{"line":19,"column":32},"end":{"line":19,"column":82}},"7":{"start":{"line":20,"column":4},"end":{"line":22,"column":null}},"8":{"start":{"line":21,"column":6},"end":{"line":21,"column":34}},"9":{"start":{"line":27,"column":24},"end":{"line":27,"column":67}},"10":{"start":{"line":28,"column":4},"end":{"line":30,"column":null}},"11":{"start":{"line":29,"column":6},"end":{"line":29,"column":28}},"12":{"start":{"line":32,"column":4},"end":{"line":32,"column":68}},"13":{"start":{"line":33,"column":4},"end":{"line":33,"column":23}},"14":{"start":{"line":38,"column":23},"end":{"line":38,"column":66}},"15":{"start":{"line":40,"column":2},"end":{"line":42,"column":null}},"16":{"start":{"line":41,"column":4},"end":{"line":41,"column":26}},"17":{"start":{"line":44,"column":2},"end":{"line":44,"column":91}},"18":{"start":{"line":44,"column":33},"end":{"line":44,"column":88}},"19":{"start":{"line":45,"column":2},"end":{"line":45,"column":22}},"20":{"start":{"line":50,"column":22},"end":{"line":50,"column":65}},"21":{"start":{"line":51,"column":2},"end":{"line":53,"column":null}},"22":{"start":{"line":52,"column":4},"end":{"line":52,"column":26}},"23":{"start":{"line":55,"column":2},"end":{"line":55,"column":51}},"24":{"start":{"line":61,"column":23},"end":{"line":66,"column":2}},"25":{"start":{"line":68,"column":0},"end":{"line":68,"column":30}}},"fnMap":{"0":{"name":"newNetwork","decl":{"start":{"line":6,"column":15},"end":{"line":6,"column":25}},"loc":{"start":{"line":6,"column":83},"end":{"line":16,"column":3}}},"1":{"name":"CheckIfTitleIsUnique","decl":{"start":{"line":18,"column":15},"end":{"line":18,"column":35}},"loc":{"start":{"line":18,"column":65},"end":{"line":23,"column":3}}},"2":{"name":"locateNetwork","decl":{"start":{"line":26,"column":15},"end":{"line":26,"column":28}},"loc":{"start":{"line":26,"column":62},"end":{"line":34,"column":3}}},"3":{"name":"listNetwork","decl":{"start":{"line":37,"column":15},"end":{"line":37,"column":26}},"loc":{"start":{"line":37,"column":41},"end":{"line":46,"column":1}}},"4":{"name":"(anonymous_5)","decl":{"start":{"line":44,"column":19},"end":{"line":44,"column":20}},"loc":{"start":{"line":44,"column":33},"end":{"line":44,"column":88}}},"5":{"name":"networkDelete","decl":{"start":{"line":49,"column":15},"end":{"line":49,"column":28}},"loc":{"start":{"line":49,"column":62},"end":{"line":56,"column":1}}}},"branchMap":{"0":{"loc":{"start":{"line":20,"column":4},"end":{"line":22,"column":null}},"type":"if","locations":[{"start":{"line":20,"column":4},"end":{"line":22,"column":null}}]},"1":{"loc":{"start":{"line":28,"column":4},"end":{"line":30,"column":null}},"type":"if","locations":[{"start":{"line":28,"column":4},"end":{"line":30,"column":null}}]},"2":{"loc":{"start":{"line":28,"column":8},"end":{"line":28,"column":53}},"type":"binary-expr","locations":[{"start":{"line":28,"column":8},"end":{"line":28,"column":20}},{"start":{"line":28,"column":24},"end":{"line":28,"column":53}}]},"3":{"loc":{"start":{"line":40,"column":2},"end":{"line":42,"column":null}},"type":"if","locations":[{"start":{"line":40,"column":2},"end":{"line":42,"column":null}}]},"4":{"loc":{"start":{"line":51,"column":2},"end":{"line":53,"column":null}},"type":"if","locations":[{"start":{"line":51,"column":2},"end":{"line":53,"column":null}}]},"5":{"loc":{"start":{"line":51,"column":6},"end":{"line":51,"column":51}},"type":"binary-expr","locations":[{"start":{"line":51,"column":6},"end":{"line":51,"column":18}},{"start":{"line":51,"column":22},"end":{"line":51,"column":51}}]}},"s":{"0":7,"1":7,"2":7,"3":2,"4":1,"5":1,"6":2,"7":2,"8":1,"9":1,"10":1,"11":1,"12":0,"13":0,"14":3,"15":3,"16":2,"17":1,"18":2,"19":1,"20":1,"21":1,"22":1,"23":0,"24":7,"25":7},"f":{"0":2,"1":2,"2":1,"3":3,"4":2,"5":1},"b":{"0":[1],"1":[1],"2":[1,1],"3":[2],"4":[1],"5":[1,0]}}
,"C:\\Users\\marmo\\Desktop\\driven\\Modulo5\\projeto-drivenpass\\src\\services\\users-service\\errors.ts": {"path":"C:\\Users\\marmo\\Desktop\\driven\\Modulo5\\projeto-drivenpass\\src\\services\\users-service\\errors.ts","statementMap":{"0":{"start":{"line":4,"column":2},"end":{"line":7,"column":4}},"1":{"start":{"line":3,"column":0},"end":{"line":3,"column":16}}},"fnMap":{"0":{"name":"duplicatedEmailError","decl":{"start":{"line":3,"column":16},"end":{"line":3,"column":36}},"loc":{"start":{"line":3,"column":36},"end":{"line":8,"column":1}}}},"branchMap":{},"s":{"0":4,"1":7},"f":{"0":4},"b":{}}
,"C:\\Users\\marmo\\Desktop\\driven\\Modulo5\\projeto-drivenpass\\src\\services\\users-service\\index.ts": {"path":"C:\\Users\\marmo\\Desktop\\driven\\Modulo5\\projeto-drivenpass\\src\\services\\users-service\\index.ts","statementMap":{"0":{"start":{"line":2,"column":0},"end":{"line":2,"column":28}},"1":{"start":{"line":3,"column":0},"end":{"line":3,"column":48}},"2":{"start":{"line":4,"column":0},"end":{"line":4,"column":60}},"3":{"start":{"line":9,"column":2},"end":{"line":9,"column":41}},"4":{"start":{"line":11,"column":25},"end":{"line":11,"column":56}},"5":{"start":{"line":12,"column":2},"end":{"line":15,"column":5}},"6":{"start":{"line":7,"column":0},"end":{"line":7,"column":7}},"7":{"start":{"line":19,"column":28},"end":{"line":19,"column":67}},"8":{"start":{"line":20,"column":2},"end":{"line":22,"column":null}},"9":{"start":{"line":21,"column":4},"end":{"line":21,"column":33}},"10":{"start":{"line":29,"column":20},"end":{"line":31,"column":2}},"11":{"start":{"line":33,"column":0},"end":{"line":33,"column":25}},"12":{"start":{"line":34,"column":0},"end":{"line":34,"column":27}}},"fnMap":{"0":{"name":"createUser","decl":{"start":{"line":7,"column":22},"end":{"line":7,"column":32}},"loc":{"start":{"line":7,"column":70},"end":{"line":16,"column":1}}},"1":{"name":"validateUniqueEmailOrFail","decl":{"start":{"line":18,"column":15},"end":{"line":18,"column":40}},"loc":{"start":{"line":18,"column":54},"end":{"line":23,"column":1}}}},"branchMap":{"0":{"loc":{"start":{"line":20,"column":2},"end":{"line":22,"column":null}},"type":"if","locations":[{"start":{"line":20,"column":2},"end":{"line":22,"column":null}}]}},"s":{"0":7,"1":7,"2":7,"3":7,"4":5,"5":5,"6":7,"7":7,"8":7,"9":2,"10":7,"11":7,"12":7},"f":{"0":7,"1":7},"b":{"0":[2]}}
,"C:\\Users\\marmo\\Desktop\\driven\\Modulo5\\projeto-drivenpass\\src\\utils\\cryptr-utils.ts": {"path":"C:\\Users\\marmo\\Desktop\\driven\\Modulo5\\projeto-drivenpass\\src\\utils\\cryptr-utils.ts","statementMap":{"0":{"start":{"line":1,"column":0},"end":{"line":1,"column":28}},"1":{"start":{"line":3,"column":15},"end":{"line":3,"column":52}},"2":{"start":{"line":6,"column":2},"end":{"line":6,"column":34}},"3":{"start":{"line":10,"column":2},"end":{"line":10,"column":43}},"4":{"start":{"line":13,"column":13},"end":{"line":16,"column":2}}},"fnMap":{"0":{"name":"encrypt","decl":{"start":{"line":5,"column":9},"end":{"line":5,"column":16}},"loc":{"start":{"line":5,"column":33},"end":{"line":7,"column":1}}},"1":{"name":"decrypt","decl":{"start":{"line":9,"column":9},"end":{"line":9,"column":16}},"loc":{"start":{"line":9,"column":42},"end":{"line":11,"column":1}}}},"branchMap":{},"s":{"0":7,"1":7,"2":21,"3":10,"4":7},"f":{"0":21,"1":10},"b":{}}
,"C:\\Users\\marmo\\Desktop\\driven\\Modulo5\\projeto-drivenpass\\src\\utils\\prisma-utils.ts": {"path":"C:\\Users\\marmo\\Desktop\\driven\\Modulo5\\projeto-drivenpass\\src\\utils\\prisma-utils.ts","statementMap":{"0":{"start":{"line":2,"column":20},"end":{"line":2,"column":54}},"1":{"start":{"line":3,"column":2},"end":{"line":5,"column":null}},"2":{"start":{"line":4,"column":4},"end":{"line":4,"column":26}},"3":{"start":{"line":6,"column":2},"end":{"line":6,"column":19}},"4":{"start":{"line":1,"column":0},"end":{"line":1,"column":16}}},"fnMap":{"0":{"name":"exclude","decl":{"start":{"line":1,"column":16},"end":{"line":1,"column":23}},"loc":{"start":{"line":1,"column":73},"end":{"line":7,"column":1}}}},"branchMap":{},"s":{"0":5,"1":5,"2":5,"3":5,"4":7},"f":{"0":5},"b":{}}
,"C:\\Users\\marmo\\Desktop\\driven\\Modulo5\\projeto-drivenpass\\src\\utils\\request.ts": {"path":"C:\\Users\\marmo\\Desktop\\driven\\Modulo5\\projeto-drivenpass\\src\\utils\\request.ts","statementMap":{"0":{"start":{"line":1,"column":0},"end":{"line":1,"column":26}},"1":{"start":{"line":2,"column":0},"end":{"line":2,"column":40}},"2":{"start":{"line":5,"column":2},"end":{"line":12,"column":null}},"3":{"start":{"line":6,"column":19},"end":{"line":6,"column":39}},"4":{"start":{"line":7,"column":4},"end":{"line":7,"column":18}},"5":{"start":{"line":9,"column":35},"end":{"line":9,"column":49}},"6":{"start":{"line":11,"column":4},"end":{"line":11,"column":44}},"7":{"start":{"line":15,"column":13},"end":{"line":17,"column":2}}},"fnMap":{"0":{"name":"get","decl":{"start":{"line":4,"column":15},"end":{"line":4,"column":18}},"loc":{"start":{"line":4,"column":30},"end":{"line":13,"column":1}}}},"branchMap":{},"s":{"0":0,"1":0,"2":0,"3":0,"4":0,"5":0,"6":0,"7":0},"f":{"0":0},"b":{}}
}
