TN:
SF:src\app.ts
FN:24,(anonymous_1)
FN:31,init
FN:36,close
FNF:3
FNH:2
FNDA:1,(anonymous_1)
FNDA:7,init
FNDA:0,close
DA:1,7
DA:2,7
DA:3,7
DA:4,7
DA:6,7
DA:8,7
DA:10,7
DA:12,7
DA:20,7
DA:21,7
DA:24,1
DA:31,7
DA:32,7
DA:33,7
DA:36,7
DA:37,0
DA:40,7
LF:17
LH:16
BRF:0
BRH:0
end_of_record
TN:
SF:src\server.ts
FN:5,(anonymous_6)
FN:6,(anonymous_7)
FNF:2
FNH:0
FNDA:0,(anonymous_6)
FNDA:0,(anonymous_7)
DA:1,0
DA:3,0
DA:5,0
DA:6,0
DA:8,0
LF:5
LH:0
BRDA:3,0,0,0
BRDA:3,0,1,0
BRF:2
BRH:0
end_of_record
TN:
SF:src\config\database.ts
FN:4,connectDb
FN:8,disconnectDB
FNF:2
FNH:1
FNDA:7,connectDb
FNDA:0,disconnectDB
DA:1,9
DA:4,9
DA:5,7
DA:8,9
DA:9,0
LF:5
LH:4
BRF:0
BRH:0
end_of_record
TN:
SF:src\config\envs.ts
FN:4,loadEnv
FNF:1
FNH:1
FNDA:16,loadEnv
DA:1,9
DA:2,9
DA:4,9
DA:6,16
DA:12,16
DA:13,16
LF:6
LH:6
BRDA:6,0,0,16
BRDA:6,0,1,0
BRDA:8,1,0,0
BRDA:8,1,1,0
BRF:4
BRH:1
end_of_record
TN:
SF:src\config\index.ts
FNF:0
FNH:0
DA:1,9
DA:2,9
LF:2
LH:2
BRF:0
BRH:0
end_of_record
TN:
SF:src\controllers\authentication-controller.ts
FN:5,singInPost
FNF:1
FNH:1
FNDA:6,singInPost
DA:2,7
DA:3,7
DA:5,7
DA:6,6
DA:8,6
DA:9,6
DA:11,3
DA:13,3
LF:8
LH:8
BRF:0
BRH:0
end_of_record
TN:
SF:src\controllers\credential-controller.ts
FN:7,credentialsList
FN:18,credentialsLocate
FN:31,credentialsStore
FN:47,credentialsDelete
FNF:4
FNH:4
FNDA:4,credentialsList
FNDA:1,credentialsLocate
FNDA:1,credentialsStore
FNDA:3,credentialsDelete
DA:1,7
DA:3,7
DA:7,7
DA:8,4
DA:10,4
DA:11,4
DA:12,2
DA:14,2
DA:18,7
DA:19,1
DA:20,1
DA:22,1
DA:23,1
DA:24,0
DA:27,1
DA:31,7
DA:32,1
DA:33,1
DA:35,1
DA:36,1
DA:37,1
DA:41,0
DA:47,7
DA:48,3
DA:49,3
DA:51,3
DA:52,3
DA:53,1
DA:55,2
LF:29
LH:27
BRF:0
BRH:0
end_of_record
TN:
SF:src\controllers\index.ts
FNF:0
FNH:0
DA:1,7
DA:2,7
DA:3,7
DA:4,7
LF:4
LH:4
BRF:0
BRH:0
end_of_record
TN:
SF:src\controllers\network-controller.ts
FN:7,networksList
FN:18,networksLocate
FN:30,networksStore
FN:44,networksDelete
FNF:4
FNH:4
FNDA:4,networksList
FNDA:1,networksLocate
FNDA:2,networksStore
FNDA:2,networksDelete
DA:1,7
DA:3,7
DA:7,7
DA:8,4
DA:10,4
DA:11,4
DA:12,2
DA:14,2
DA:18,7
DA:19,1
DA:20,1
DA:22,1
DA:23,1
DA:24,0
DA:26,1
DA:30,7
DA:31,2
DA:32,2
DA:34,2
DA:35,2
DA:36,1
DA:40,1
DA:44,7
DA:45,2
DA:46,2
DA:48,2
DA:49,2
DA:50,1
DA:52,1
LF:29
LH:28
BRF:0
BRH:0
end_of_record
TN:
SF:src\controllers\users-controller.ts
FN:5,usersPost
FNF:1
FNH:1
FNDA:4,usersPost
DA:2,7
DA:3,7
DA:5,7
DA:6,4
DA:8,4
DA:9,4
DA:10,3
DA:15,1
DA:16,1
DA:18,0
LF:10
LH:9
BRDA:15,0,0,1
BRF:1
BRH:1
end_of_record
TN:
SF:src\errors\conflict-error.ts
FN:3,conflictError
FNF:1
FNH:0
FNDA:0,conflictError
DA:3,7
DA:4,0
LF:2
LH:1
BRF:0
BRH:0
end_of_record
TN:
SF:src\errors\credential-name-error.ts
FN:3,CredentialNameError
FNF:1
FNH:1
FNDA:1,CredentialNameError
DA:3,7
DA:4,1
LF:2
LH:2
BRF:0
BRH:0
end_of_record
TN:
SF:src\errors\forbidden-error.ts
FN:3,forbiddenError
FNF:1
FNH:0
FNDA:0,forbiddenError
DA:3,7
DA:4,0
LF:2
LH:1
BRF:0
BRH:0
end_of_record
TN:
SF:src\errors\index.ts
FNF:0
FNH:0
DA:1,7
DA:2,7
DA:3,7
DA:4,7
DA:5,7
DA:6,7
DA:7,7
DA:8,7
LF:8
LH:8
BRF:0
BRH:0
end_of_record
TN:
SF:src\errors\invalid-data-error.ts
FN:3,invalidDataError
FNF:1
FNH:1
FNDA:4,invalidDataError
DA:3,7
DA:4,4
LF:2
LH:2
BRF:0
BRH:0
end_of_record
TN:
SF:src\errors\invalid-email-error.ts
FN:3,invalidEmailError
FNF:1
FNH:0
FNDA:0,invalidEmailError
DA:3,7
DA:4,0
LF:2
LH:1
BRF:0
BRH:0
end_of_record
TN:
SF:src\errors\not-found-error.ts
FN:3,notFoundError
FNF:1
FNH:1
FNDA:9,notFoundError
DA:3,7
DA:4,9
LF:2
LH:2
BRF:0
BRH:0
end_of_record
TN:
SF:src\errors\request-error.ts
FN:3,requestError
FNF:1
FNH:0
FNDA:0,requestError
DA:3,7
DA:4,0
LF:2
LH:1
BRF:0
BRH:0
end_of_record
TN:
SF:src\errors\unauthorized-error.ts
FN:3,unauthorizedError
FNF:1
FNH:1
FNDA:24,unauthorizedError
DA:3,7
DA:4,24
LF:2
LH:2
BRF:0
BRH:0
end_of_record
TN:
SF:src\middlewares\authentication-middleware.ts
FN:8,authenticateToken
FN:33,generateUnauthorizedResponse
FNF:2
FNH:2
FNDA:42,authenticateToken
FNDA:24,generateUnauthorizedResponse
DA:2,7
DA:3,7
DA:5,7
DA:6,7
DA:8,7
DA:9,42
DA:10,42
DA:12,34
DA:13,34
DA:15,34
DA:16,34
DA:18,26
DA:23,26
DA:25,18
DA:27,18
DA:29,8
DA:34,24
LF:17
LH:17
BRDA:10,0,0,8
BRDA:13,1,0,0
BRDA:23,2,0,8
BRF:3
BRH:2
end_of_record
TN:
SF:src\middlewares\error-handling-middleware.ts
FN:5,handleApplicationErrors
FNF:1
FNH:1
FNDA:10,handleApplicationErrors
DA:2,7
DA:5,7
DA:11,10
DA:12,0
DA:17,10
DA:18,0
DA:23,10
DA:24,0
DA:29,10
DA:30,0
DA:35,10
DA:36,9
DA:41,1
DA:42,0
DA:47,1
DA:48,1
DA:54,0
DA:55,0
LF:18
LH:11
BRDA:11,0,0,0
BRDA:17,1,0,0
BRDA:17,2,0,10
BRDA:17,2,1,10
BRDA:23,3,0,0
BRDA:29,4,0,0
BRDA:35,5,0,9
BRDA:41,6,0,0
BRDA:47,7,0,1
BRF:9
BRH:4
end_of_record
TN:
SF:src\middlewares\index.ts
FNF:0
FNH:0
DA:1,7
DA:2,7
DA:3,7
LF:3
LH:3
BRF:0
BRH:0
end_of_record
TN:
SF:src\middlewares\validation-middleware.ts
FN:6,validateBody
FN:10,validateParams
FN:14,validate
FN:15,(anonymous_4)
FN:23,(anonymous_5)
FNF:5
FNH:4
FNDA:28,validateBody
FNDA:0,validateParams
FNDA:28,validate
FNDA:17,(anonymous_4)
FNDA:10,(anonymous_5)
DA:2,7
DA:4,7
DA:6,7
DA:7,28
DA:10,7
DA:11,0
DA:15,28
DA:16,17
DA:20,17
DA:21,13
DA:23,10
LF:11
LH:10
BRDA:20,0,0,13
BRDA:20,0,1,4
BRF:2
BRH:2
end_of_record
TN:
SF:src\repositories\credential-repository\index.ts
FN:4,createCredential
FN:10,listCredential
FN:18,deleteCredential
FN:26,findById
FN:40,findByTitle
FNF:5
FNH:5
FNDA:1,createCredential
FNDA:4,listCredential
FNDA:1,deleteCredential
FNDA:4,findById
FNDA:1,findByTitle
DA:2,7
DA:5,1
DA:11,4
DA:19,1
DA:27,4
DA:33,4
DA:34,0
DA:37,4
DA:41,1
DA:50,7
DA:58,7
LF:11
LH:10
BRDA:33,0,0,0
BRF:1
BRH:0
end_of_record
TN:
SF:src\repositories\network-repository\index.ts
FN:5,createNetwork
FN:12,findById
FN:26,findByTitle
FN:35,listNetwork
FN:44,deleteNetwork
FNF:5
FNH:5
FNDA:1,createNetwork
FNDA:3,findById
FNDA:2,findByTitle
FNDA:4,listNetwork
FNDA:1,deleteNetwork
DA:2,7
DA:6,1
DA:13,3
DA:19,3
DA:20,0
DA:23,3
DA:27,2
DA:36,4
DA:45,1
DA:52,7
DA:60,7
LF:11
LH:10
BRDA:19,0,0,0
BRF:1
BRH:0
end_of_record
TN:
SF:src\repositories\session-repository\index.ts
FN:4,create
FNF:1
FNH:1
FNDA:5,create
DA:2,7
DA:5,5
DA:10,7
DA:14,7
LF:4
LH:4
BRF:0
BRH:0
end_of_record
TN:
SF:src\repositories\user-repository\index.ts
FN:4,findByEmail
FN:18,create
FNF:2
FNH:2
FNDA:17,findByEmail
FNDA:5,create
DA:2,7
DA:5,17
DA:11,17
DA:12,10
DA:15,17
DA:19,5
DA:24,7
DA:29,7
LF:8
LH:8
BRDA:11,0,0,10
BRF:1
BRH:1
end_of_record
TN:
SF:src\routers\authentication-router.ts
FNF:0
FNH:0
DA:1,7
DA:2,7
DA:3,7
DA:4,7
DA:6,7
DA:8,7
DA:10,7
LF:7
LH:7
BRF:0
BRH:0
end_of_record
TN:
SF:src\routers\credential-router.ts
FNF:0
FNH:0
DA:1,7
DA:2,7
DA:3,7
DA:4,7
DA:6,7
DA:8,7
DA:15,7
LF:7
LH:7
BRF:0
BRH:0
end_of_record
TN:
SF:src\routers\index.ts
FNF:0
FNH:0
DA:1,7
DA:2,7
DA:3,7
DA:4,7
LF:4
LH:4
BRF:0
BRH:0
end_of_record
TN:
SF:src\routers\network-router.ts
FNF:0
FNH:0
DA:1,7
DA:2,7
DA:3,7
DA:4,7
DA:5,7
DA:7,7
DA:9,7
DA:16,7
LF:8
LH:8
BRF:0
BRH:0
end_of_record
TN:
SF:src\routers\users-router.ts
FNF:0
FNH:0
DA:1,7
DA:2,7
DA:3,7
DA:4,7
DA:6,7
DA:8,7
DA:10,7
LF:7
LH:7
BRF:0
BRH:0
end_of_record
TN:
SF:src\schemas\authentication-schemas.ts
FNF:0
FNH:0
DA:1,9
DA:4,9
LF:2
LH:2
BRF:0
BRH:0
end_of_record
TN:
SF:src\schemas\credential-schemas.ts
FNF:0
FNH:0
DA:1,9
DA:4,9
LF:2
LH:2
BRF:0
BRH:0
end_of_record
TN:
SF:src\schemas\index.ts
FNF:0
FNH:0
DA:1,9
DA:2,9
DA:3,9
DA:4,9
LF:4
LH:4
BRF:0
BRH:0
end_of_record
TN:
SF:src\schemas\network-schemas.ts
FNF:0
FNH:0
DA:1,9
DA:4,9
LF:2
LH:2
BRF:0
BRH:0
end_of_record
TN:
SF:src\schemas\user-schemas.ts
FNF:0
FNH:0
DA:1,9
DA:4,9
LF:2
LH:2
BRF:0
BRH:0
end_of_record
TN:
SF:src\services\index.ts
FNF:0
FNH:0
DA:1,0
DA:2,0
DA:3,0
DA:4,0
LF:4
LH:0
BRF:0
BRH:0
end_of_record
TN:
SF:src\services\authentication-service\errors.ts
FN:3,invalidCredentialsError
FNF:1
FNH:1
FNDA:7,invalidCredentialsError
DA:3,7
DA:4,7
LF:2
LH:2
BRF:0
BRH:0
end_of_record
TN:
SF:src\services\authentication-service\index.ts
FN:9,signIn
FN:24,getUserOrFail
FN:31,createSession
FN:41,validatePasswordOrFail
FNF:4
FNH:4
FNDA:10,signIn
FNDA:10,getUserOrFail
FNDA:5,createSession
FNDA:7,validatePasswordOrFail
DA:2,7
DA:3,7
DA:4,7
DA:5,7
DA:6,7
DA:7,7
DA:10,10
DA:12,10
DA:14,7
DA:16,5
DA:18,5
DA:25,10
DA:26,10
DA:28,7
DA:32,5
DA:33,5
DA:38,5
DA:42,7
DA:43,7
DA:55,7
DA:59,7
DA:60,7
LF:22
LH:22
BRDA:26,0,0,3
BRDA:43,1,0,2
BRF:2
BRH:2
end_of_record
TN:
SF:src\services\credentials-service\index.ts
FN:7,locateCredential
FN:17,listCredential
FN:23,(anonymous_3)
FN:27,createCredential
FN:45,CheckIfTitleIsUnique
FN:52,credentialDelete
FNF:6
FNH:6
FNDA:1,locateCredential
FNDA:4,listCredential
FNDA:3,(anonymous_3)
FNDA:1,createCredential
FNDA:1,CheckIfTitleIsUnique
FNDA:3,credentialDelete
DA:2,7
DA:3,7
DA:4,7
DA:8,1
DA:9,1
DA:10,1
DA:13,0
DA:14,0
DA:18,4
DA:19,4
DA:20,2
DA:23,3
DA:24,2
DA:27,7
DA:34,1
DA:36,1
DA:37,1
DA:46,1
DA:47,1
DA:48,0
DA:53,3
DA:54,3
DA:55,2
DA:58,1
DA:65,7
DA:72,7
LF:26
LH:23
BRDA:9,0,0,1
BRDA:9,1,0,1
BRDA:9,1,1,1
BRDA:19,2,0,2
BRDA:47,3,0,0
BRDA:54,4,0,2
BRDA:54,5,0,3
BRDA:54,5,1,2
BRF:8
BRH:7
end_of_record
TN:
SF:src\services\networks-service\index.ts
FN:6,newNetwork
FN:18,CheckIfTitleIsUnique
FN:26,locateNetwork
FN:38,listNetwork
FN:45,(anonymous_5)
FN:50,networkDelete
FNF:6
FNH:6
FNDA:2,newNetwork
FNDA:2,CheckIfTitleIsUnique
FNDA:1,locateNetwork
FNDA:4,listNetwork
FNDA:3,(anonymous_5)
FNDA:2,networkDelete
DA:2,7
DA:3,7
DA:4,7
DA:7,2
DA:9,1
DA:10,1
DA:19,2
DA:20,2
DA:21,1
DA:27,1
DA:29,1
DA:30,1
DA:33,0
DA:34,0
DA:39,4
DA:41,4
DA:42,2
DA:45,3
DA:46,2
DA:51,2
DA:52,2
DA:53,1
DA:56,1
DA:62,7
DA:69,7
LF:25
LH:23
BRDA:20,0,0,1
BRDA:29,1,0,1
BRDA:29,2,0,1
BRDA:29,2,1,1
BRDA:41,3,0,2
BRDA:52,4,0,1
BRDA:52,5,0,2
BRDA:52,5,1,1
BRF:8
BRH:8
end_of_record
TN:
SF:src\services\users-service\errors.ts
FN:3,duplicatedEmailError
FNF:1
FNH:1
FNDA:4,duplicatedEmailError
DA:3,7
DA:4,4
LF:2
LH:2
BRF:0
BRH:0
end_of_record
TN:
SF:src\services\users-service\index.ts
FN:7,createUser
FN:18,validateUniqueEmailOrFail
FNF:2
FNH:2
FNDA:7,createUser
FNDA:7,validateUniqueEmailOrFail
DA:2,7
DA:3,7
DA:4,7
DA:7,7
DA:9,7
DA:11,5
DA:12,5
DA:19,7
DA:20,7
DA:21,2
DA:29,7
DA:33,7
DA:34,7
LF:13
LH:13
BRDA:20,0,0,2
BRF:1
BRH:1
end_of_record
TN:
SF:src\utils\cryptr-utils.ts
FN:5,encrypt
FN:9,decrypt
FNF:2
FNH:2
FNDA:21,encrypt
FNDA:12,decrypt
DA:1,7
DA:3,7
DA:6,21
DA:10,12
DA:13,7
LF:5
LH:5
BRF:0
BRH:0
end_of_record
TN:
SF:src\utils\prisma-utils.ts
FN:1,exclude
FNF:1
FNH:1
FNDA:5,exclude
DA:1,7
DA:2,5
DA:3,5
DA:4,5
DA:6,5
LF:5
LH:5
BRF:0
BRH:0
end_of_record
TN:
SF:src\utils\request.ts
FN:4,get
FNF:1
FNH:0
FNDA:0,get
DA:1,0
DA:2,0
DA:5,0
DA:6,0
DA:7,0
DA:9,0
DA:11,0
DA:15,0
LF:8
LH:0
BRF:0
BRH:0
end_of_record
